#
# There is insufficient memory for the Java Runtime Environment to continue.
# Native memory allocation (mmap) failed to map 246415360 bytes for Failed to commit area from 0x000000008fe00000 to 0x000000009e900000 of length 246415360.
# Possible reasons:
#   The system is out of physical RAM or swap space
#   The process is running with CompressedOops enabled, and the Java Heap may be blocking the growth of the native heap
# Possible solutions:
#   Reduce memory load on the system
#   Increase physical memory or swap space
#   Check if swap backing store is full
#   Decrease Java heap size (-Xmx/-Xms)
#   Decrease number of Java threads
#   Decrease Java thread stack sizes (-Xss)
#   Set larger code cache with -XX:ReservedCodeCacheSize=
#   JVM is running with Unscaled Compressed Oops mode in which the Java heap is
#     placed in the first 4GB address space. The Java Heap base address is the
#     maximum limit for the native heap growth. Please use -XX:HeapBaseMinAddress
#     to set the Java Heap base and to place the Java Heap above 4GB virtual address.
# This output file may be truncated or incomplete.
#
#  Out of Memory Error (./src/hotspot/os/windows/os_windows.cpp:3386), pid=14696, tid=14684
#
# JRE version: OpenJDK Runtime Environment Microsoft-7208460 (11.0.18+10) (build 11.0.18+10-LTS)
# Java VM: OpenJDK 64-Bit Server VM Microsoft-7208460 (11.0.18+10-LTS, mixed mode, tiered, compressed oops, g1 gc, windows-amd64)
# No core dump will be written. Minidumps are not enabled by default on client versions of Windows
#

---------------  S U M M A R Y ------------

Command Line: -XX:MaxMetaspaceSize=512m --add-opens=java.base/java.util=ALL-UNNAMED --add-opens=java.base/java.lang=ALL-UNNAMED --add-opens=java.base/java.lang.invoke=ALL-UNNAMED --add-opens=java.prefs/java.util.prefs=ALL-UNNAMED --add-opens=java.base/java.nio.charset=ALL-UNNAMED --add-opens=java.base/java.net=ALL-UNNAMED --add-opens=java.base/java.util.concurrent.atomic=ALL-UNNAMED -Xmx2048m -Dfile.encoding=windows-1252 -Duser.country=US -Duser.language=en -Duser.variant org.gradle.launcher.daemon.bootstrap.GradleDaemon 8.0.1

Host: Intel(R) Core(TM) i5-8265U CPU @ 1.60GHz, 8 cores, 15G,  Windows 10 , 64 bit Build 19041 (10.0.19041.3155)
Time: Wed Aug  2 18:21:42 2023 Pakistan Standard Time elapsed time: 488.850791 seconds (0d 0h 8m 8s)

---------------  T H R E A D  ---------------

Current thread (0x000001d362bf8800):  VMThread "VM Thread" [stack: 0x0000006340600000,0x0000006340700000] [id=14684]

Stack: [0x0000006340600000,0x0000006340700000]
[error occurred during error reporting (printing stack bounds), id 0xc0000005, EXCEPTION_ACCESS_VIOLATION (0xc0000005) at pc=0x000001d34c25112d]

Native frames: (J=compiled Java code, j=interpreted, Vv=VM code, C=native code)
V  [jvm.dll+0x62bf8a]
V  [jvm.dll+0x7b8fb9]
V  [jvm.dll+0x7ba6a8]
V  [jvm.dll+0x7bace5]
V  [jvm.dll+0x7bac9b]
V  [jvm.dll+0x62b317]
V  [jvm.dll+0x62ba28]
C  [ntdll.dll+0xa23af]
C  [ntdll.dll+0x514b4]
C  [ntdll.dll+0xa0ebe]
C  0x000001d34c25112d

VM_Operation (0x00000063459f9410): G1CollectForAllocation, mode: safepoint, requested by thread 0x000001d36588e000


---------------  P R O C E S S  ---------------

Threads class SMR info:
_java_thread_list=0x000001d3647100b0, length=138, elements={
0x000001d343adb000, 0x000001d362bf9800, 0x000001d362bfa800, 0x000001d363483000,
0x000001d363485000, 0x000001d363486000, 0x000001d363489800, 0x000001d36348a800,
0x000001d36348e000, 0x000001d3635f8000, 0x000001d3664ba800, 0x000001d364e84800,
0x000001d36669f800, 0x000001d365060800, 0x000001d36505c000, 0x000001d36505d000,
0x000001d36505e000, 0x000001d36505a800, 0x000001d365061000, 0x000001d3650a0000,
0x000001d3650a6800, 0x000001d3650a3800, 0x000001d3650a1800, 0x000001d3650a8800,
0x000001d3650a2800, 0x000001d3650aa800, 0x000001d3650ae000, 0x000001d3650a9000,
0x000001d36a84a800, 0x000001d36a851000, 0x000001d365893000, 0x000001d36ebf7000,
0x000001d36ebfc000, 0x000001d36ebfa800, 0x000001d36ebf9800, 0x000001d36ebfb000,
0x000001d36ebf8000, 0x000001d36ec04000, 0x000001d36ec00000, 0x000001d36ebff800,
0x000001d36ec02800, 0x000001d36ec03800, 0x000001d36ec02000, 0x000001d36ebfe800,
0x000001d36ec06000, 0x000001d36ec01000, 0x000001d36ec05000, 0x000001d36a84f800,
0x000001d36a84e800, 0x000001d36a84e000, 0x000001d36a84c000, 0x000001d36a84b800,
0x000001d36a850000, 0x000001d36a852000, 0x000001d36a852800, 0x000001d36a84d000,
0x000001d36a856000, 0x000001d36a857000, 0x000001d36a859000, 0x000001d36a853800,
0x000001d36a854800, 0x000001d36a857800, 0x000001d36a855000, 0x000001d36588a800,
0x000001d365888800, 0x000001d365889000, 0x000001d36588a000, 0x000001d365887800,
0x000001d36588c800, 0x000001d36588b800, 0x000001d365886800, 0x000001d365890800,
0x000001d36588d000, 0x000001d365892000, 0x000001d365893800, 0x000001d36588e000,
0x000001d365894800, 0x000001d365895800, 0x000001d3650aa000, 0x000001d3650a4000,
0x000001d3650ad000, 0x000001d3650af000, 0x000001d3650ab800, 0x000001d3650ac800,
0x000001d36505e800, 0x000001d36505b800, 0x000001d36505f800, 0x000001d36a8fd000,
0x000001d36a8fe800, 0x000001d36a8fb800, 0x000001d36a8fc000, 0x000001d36a8ff800,
0x000001d36a8fe000, 0x000001d36a900000, 0x000001d36a8fa800, 0x000001d36a901000,
0x000001d369505800, 0x000001d369506000, 0x000001d369504800, 0x000001d369503000,
0x000001d369507000, 0x000001d369501000, 0x000001d369507800, 0x000001d369502000,
0x000001d369503800, 0x000001d36cb7a000, 0x000001d36cb80000, 0x000001d36cb7d800,
0x000001d36cb7e800, 0x000001d36cb7c000, 0x000001d36cb7f000, 0x000001d36cb80800,
0x000001d36cb7c800, 0x000001d36cb7b000, 0x000001d36cb87800, 0x000001d36cb81800,
0x000001d36cb85800, 0x000001d36cb88000, 0x000001d36cb82800, 0x000001d36cb85000,
0x000001d36cb83000, 0x000001d36cb84000, 0x000001d36cb86800, 0x000001d36cb89000,
0x000001d371755800, 0x000001d371758000, 0x000001d371756800, 0x000001d371757000,
0x000001d371752000, 0x000001d371759000, 0x000001d371753000, 0x000001d371754800,
0x000001d371754000, 0x000001d363af9800, 0x000001d363afa000, 0x000001d36ebfd800,
0x000001d36f300800, 0x000001d36f301800
}

Java Threads: ( => current thread )
  0x000001d343adb000 JavaThread "main" [_thread_blocked, id=1580, stack(0x0000006340000000,0x0000006340100000)]
  0x000001d362bf9800 JavaThread "Reference Handler" daemon [_thread_blocked, id=5552, stack(0x0000006340700000,0x0000006340800000)]
  0x000001d362bfa800 JavaThread "Finalizer" daemon [_thread_blocked, id=7768, stack(0x0000006340800000,0x0000006340900000)]
  0x000001d363483000 JavaThread "Signal Dispatcher" daemon [_thread_blocked, id=2392, stack(0x0000006340900000,0x0000006340a00000)]
  0x000001d363485000 JavaThread "Attach Listener" daemon [_thread_blocked, id=11656, stack(0x0000006340a00000,0x0000006340b00000)]
  0x000001d363486000 JavaThread "Service Thread" daemon [_thread_blocked, id=14508, stack(0x0000006340b00000,0x0000006340c00000)]
  0x000001d363489800 JavaThread "C2 CompilerThread0" daemon [_thread_blocked, id=6604, stack(0x0000006340c00000,0x0000006340d00000)]
  0x000001d36348a800 JavaThread "C1 CompilerThread0" daemon [_thread_blocked, id=14380, stack(0x0000006340d00000,0x0000006340e00000)]
  0x000001d36348e000 JavaThread "Sweeper thread" daemon [_thread_blocked, id=13424, stack(0x0000006340e00000,0x0000006340f00000)]
  0x000001d3635f8000 JavaThread "Common-Cleaner" daemon [_thread_blocked, id=12504, stack(0x0000006340f00000,0x0000006341000000)]
  0x000001d3664ba800 JavaThread "Daemon health stats" [_thread_blocked, id=7436, stack(0x0000006341700000,0x0000006341800000)]
  0x000001d364e84800 JavaThread "Incoming local TCP Connector on port 64112" [_thread_in_native, id=13532, stack(0x0000006341100000,0x0000006341200000)]
  0x000001d36669f800 JavaThread "Daemon periodic checks" [_thread_blocked, id=10992, stack(0x0000006341800000,0x0000006341900000)]
  0x000001d365060800 JavaThread "Cache worker for journal cache (C:\Users\ghayo\.gradle\caches\journal-1)" [_thread_blocked, id=13244, stack(0x0000006342000000,0x0000006342100000)]
  0x000001d36505c000 JavaThread "File lock request listener" [_thread_in_native, id=9032, stack(0x0000006342100000,0x0000006342200000)]
  0x000001d36505d000 JavaThread "Cache worker for file hash cache (C:\Users\ghayo\.gradle\caches\8.0.1\fileHashes)" [_thread_blocked, id=9080, stack(0x0000006342500000,0x0000006342600000)]
  0x000001d36505e000 JavaThread "File watcher server" daemon [_thread_in_native, id=13392, stack(0x0000006342700000,0x0000006342800000)]
  0x000001d36505a800 JavaThread "File watcher consumer" daemon [_thread_blocked, id=12344, stack(0x0000006342800000,0x0000006342900000)]
  0x000001d365061000 JavaThread "Cache worker for file content cache (C:\Users\ghayo\.gradle\caches\8.0.1\fileContent)" [_thread_blocked, id=4016, stack(0x0000006342b00000,0x0000006342c00000)]
  0x000001d3650a0000 JavaThread "Cache worker for execution history cache (C:\Users\ghayo\.gradle\caches\8.0.1\executionHistory)" [_thread_blocked, id=9840, stack(0x0000006342d00000,0x0000006342e00000)]
  0x000001d3650a6800 JavaThread "jar transforms" [_thread_blocked, id=13292, stack(0x0000006343000000,0x0000006343100000)]
  0x000001d3650a3800 JavaThread "jar transforms Thread 2" [_thread_blocked, id=13544, stack(0x000000633fd00000,0x000000633fe00000)]
  0x000001d3650a1800 JavaThread "jar transforms Thread 3" [_thread_blocked, id=17216, stack(0x0000006342f00000,0x0000006343000000)]
  0x000001d3650a8800 JavaThread "jar transforms Thread 4" [_thread_blocked, id=9488, stack(0x0000006343100000,0x0000006343200000)]
  0x000001d3650a2800 JavaThread "Cache worker for kotlin-dsl (C:\Users\ghayo\.gradle\caches\8.0.1\kotlin-dsl)" [_thread_blocked, id=3440, stack(0x0000006341e00000,0x0000006341f00000)]
  0x000001d3650aa800 JavaThread "jar transforms Thread 5" [_thread_blocked, id=1336, stack(0x0000006343300000,0x0000006343400000)]
  0x000001d3650ae000 JavaThread "jar transforms Thread 6" [_thread_blocked, id=16180, stack(0x000000633ff00000,0x0000006340000000)]
  0x000001d3650a9000 JavaThread "jar transforms Thread 7" [_thread_blocked, id=16656, stack(0x0000006343500000,0x0000006343600000)]
  0x000001d36a84a800 JavaThread "jar transforms Thread 8" [_thread_blocked, id=2652, stack(0x0000006345000000,0x0000006345100000)]
  0x000001d36a851000 JavaThread "Memory manager" [_thread_blocked, id=2864, stack(0x0000006345300000,0x0000006345400000)]
  0x000001d365893000 JavaThread "pool-3-thread-1" [_thread_blocked, id=15668, stack(0x0000006347400000,0x0000006347500000)]
  0x000001d36ebf7000 JavaThread "Daemon Thread 2" [_thread_blocked, id=11092, stack(0x000000633fe00000,0x000000633ff00000)]
  0x000001d36ebfc000 JavaThread "Handler for socket connection from /127.0.0.1:64112 to /127.0.0.1:64414" [_thread_in_native, id=8016, stack(0x0000006341900000,0x0000006341a00000)]
  0x000001d36ebfa800 JavaThread "Cancel handler" [_thread_blocked, id=12524, stack(0x0000006341a00000,0x0000006341b00000)]
  0x000001d36ebf9800 JavaThread "Daemon worker Thread 2" [_thread_blocked, id=12108, stack(0x0000006341b00000,0x0000006341c00000)]
  0x000001d36ebfb000 JavaThread "Asynchronous log dispatcher for DefaultDaemonConnection: socket connection from /127.0.0.1:64112 to /127.0.0.1:64414" [_thread_blocked, id=14832, stack(0x0000006341c00000,0x0000006341d00000)]
  0x000001d36ebf8000 JavaThread "Daemon client event forwarder" [_thread_blocked, id=7432, stack(0x0000006341f00000,0x0000006342000000)]
  0x000001d36ec04000 JavaThread "Cache worker for checksums cache (D:\Projects\React Native\Taskly\android\.gradle\8.0.1\checksums)" [_thread_blocked, id=3404, stack(0x0000006342600000,0x0000006342700000)]
  0x000001d36ec00000 JavaThread "Cache worker for cache directory md-rule (C:\Users\ghayo\.gradle\caches\8.0.1\md-rule)" [_thread_blocked, id=10080, stack(0x0000006342900000,0x0000006342a00000)]
  0x000001d36ebff800 JavaThread "Cache worker for file hash cache (D:\Projects\React Native\Taskly\android\.gradle\8.0.1\fileHashes)" [_thread_blocked, id=4328, stack(0x0000006342a00000,0x0000006342b00000)]
  0x000001d36ec02800 JavaThread "Cache worker for cache directory md-supplier (C:\Users\ghayo\.gradle\caches\8.0.1\md-supplier)" [_thread_blocked, id=2988, stack(0x0000006342c00000,0x0000006342d00000)]
  0x000001d36ec03800 JavaThread "Cache worker for dependencies-accessors (D:\Projects\React Native\Taskly\android\.gradle\8.0.1\dependencies-accessors)" [_thread_blocked, id=1620, stack(0x0000006343200000,0x0000006343300000)]
  0x000001d36ec02000 JavaThread "Cache worker for Build Output Cleanup Cache (D:\Projects\React Native\Taskly\node_modules\@react-native\gradle-plugin\.gradle\buildOutputCleanup)" [_thread_blocked, id=12736, stack(0x0000006343400000,0x0000006343500000)]
  0x000001d36ebfe800 JavaThread "Unconstrained build operations" [_thread_blocked, id=14296, stack(0x0000006343600000,0x0000006343700000)]
  0x000001d36ec06000 JavaThread "Unconstrained build operations Thread 2" [_thread_blocked, id=10452, stack(0x0000006343700000,0x0000006343800000)]
  0x000001d36ec01000 JavaThread "Unconstrained build operations Thread 3" [_thread_blocked, id=16848, stack(0x0000006343800000,0x0000006343900000)]
  0x000001d36ec05000 JavaThread "Unconstrained build operations Thread 4" [_thread_blocked, id=16140, stack(0x0000006343900000,0x0000006343a00000)]
  0x000001d36a84f800 JavaThread "Unconstrained build operations Thread 5" [_thread_blocked, id=8360, stack(0x0000006343a00000,0x0000006343b00000)]
  0x000001d36a84e800 JavaThread "Unconstrained build operations Thread 6" [_thread_blocked, id=2568, stack(0x0000006343b00000,0x0000006343c00000)]
  0x000001d36a84e000 JavaThread "Unconstrained build operations Thread 7" [_thread_blocked, id=15008, stack(0x0000006343c00000,0x0000006343d00000)]
  0x000001d36a84c000 JavaThread "Unconstrained build operations Thread 8" [_thread_blocked, id=14216, stack(0x0000006343d00000,0x0000006343e00000)]
  0x000001d36a84b800 JavaThread "Unconstrained build operations Thread 9" [_thread_blocked, id=3136, stack(0x0000006343e00000,0x0000006343f00000)]
  0x000001d36a850000 JavaThread "Unconstrained build operations Thread 10" [_thread_blocked, id=13788, stack(0x0000006343f00000,0x0000006344000000)]
  0x000001d36a852000 JavaThread "Unconstrained build operations Thread 11" [_thread_blocked, id=15728, stack(0x0000006344000000,0x0000006344100000)]
  0x000001d36a852800 JavaThread "Unconstrained build operations Thread 12" [_thread_blocked, id=16208, stack(0x0000006344100000,0x0000006344200000)]
  0x000001d36a84d000 JavaThread "Unconstrained build operations Thread 13" [_thread_blocked, id=13932, stack(0x0000006344200000,0x0000006344300000)]
  0x000001d36a856000 JavaThread "Unconstrained build operations Thread 14" [_thread_blocked, id=7784, stack(0x0000006344300000,0x0000006344400000)]
  0x000001d36a857000 JavaThread "Unconstrained build operations Thread 15" [_thread_blocked, id=12276, stack(0x0000006344400000,0x0000006344500000)]
  0x000001d36a859000 JavaThread "Unconstrained build operations Thread 16" [_thread_blocked, id=16428, stack(0x0000006344500000,0x0000006344600000)]
  0x000001d36a853800 JavaThread "Unconstrained build operations Thread 17" [_thread_blocked, id=12468, stack(0x0000006344600000,0x0000006344700000)]
  0x000001d36a854800 JavaThread "Unconstrained build operations Thread 18" [_thread_blocked, id=10196, stack(0x0000006344700000,0x0000006344800000)]
  0x000001d36a857800 JavaThread "Unconstrained build operations Thread 19" [_thread_blocked, id=13928, stack(0x0000006344800000,0x0000006344900000)]
  0x000001d36a855000 JavaThread "Unconstrained build operations Thread 20" [_thread_blocked, id=17192, stack(0x0000006344900000,0x0000006344a00000)]
  0x000001d36588a800 JavaThread "Unconstrained build operations Thread 21" [_thread_blocked, id=10484, stack(0x0000006344a00000,0x0000006344b00000)]
  0x000001d365888800 JavaThread "Unconstrained build operations Thread 22" [_thread_blocked, id=784, stack(0x0000006344b00000,0x0000006344c00000)]
  0x000001d365889000 JavaThread "Unconstrained build operations Thread 23" [_thread_blocked, id=2544, stack(0x0000006344c00000,0x0000006344d00000)]
  0x000001d36588a000 JavaThread "Unconstrained build operations Thread 24" [_thread_blocked, id=7220, stack(0x0000006344d00000,0x0000006344e00000)]
  0x000001d365887800 JavaThread "Unconstrained build operations Thread 25" [_thread_blocked, id=13364, stack(0x0000006344e00000,0x0000006344f00000)]
  0x000001d36588c800 JavaThread "Unconstrained build operations Thread 26" [_thread_blocked, id=13156, stack(0x0000006344f00000,0x0000006345000000)]
  0x000001d36588b800 JavaThread "Cache worker for Build Output Cleanup Cache (D:\Projects\React Native\Taskly\android\.gradle\buildOutputCleanup)" [_thread_blocked, id=9968, stack(0x0000006345100000,0x0000006345200000)]
  0x000001d365886800 JavaThread "included builds" [_thread_blocked, id=3044, stack(0x0000006345400000,0x0000006345500000)]
  0x000001d365890800 JavaThread "Execution worker" [_thread_blocked, id=7056, stack(0x0000006345500000,0x0000006345600000)]
  0x000001d36588d000 JavaThread "Execution worker Thread 2" [_thread_blocked, id=16896, stack(0x0000006345600000,0x0000006345700000)]
  0x000001d365892000 JavaThread "Execution worker Thread 3" [_thread_blocked, id=12076, stack(0x0000006345700000,0x0000006345800000)]
  0x000001d365893800 JavaThread "Execution worker Thread 4" [_thread_blocked, id=9200, stack(0x0000006345800000,0x0000006345900000)]
  0x000001d36588e000 JavaThread "Execution worker Thread 5" [_thread_blocked, id=16960, stack(0x0000006345900000,0x0000006345a00000)]
  0x000001d365894800 JavaThread "Execution worker Thread 6" [_thread_blocked, id=6024, stack(0x0000006345a00000,0x0000006345b00000)]
  0x000001d365895800 JavaThread "Execution worker Thread 7" [_thread_blocked, id=9876, stack(0x0000006345b00000,0x0000006345c00000)]
  0x000001d3650aa000 JavaThread "Cache worker for execution history cache (D:\Projects\React Native\Taskly\node_modules\@react-native\gradle-plugin\.gradle\8.0.1\executionHistory)" [_thread_blocked, id=7352, stack(0x0000006345c00000,0x0000006345d00000)]
  0x000001d3650a4000 JavaThread "Unconstrained build operations Thread 27" [_thread_blocked, id=16840, stack(0x0000006345d00000,0x0000006345e00000)]
  0x000001d3650ad000 JavaThread "Unconstrained build operations Thread 28" [_thread_blocked, id=14784, stack(0x0000006345e00000,0x0000006345f00000)]
  0x000001d3650af000 JavaThread "Unconstrained build operations Thread 29" [_thread_blocked, id=9664, stack(0x0000006345f00000,0x0000006346000000)]
  0x000001d3650ab800 JavaThread "Unconstrained build operations Thread 30" [_thread_blocked, id=14740, stack(0x0000006346000000,0x0000006346100000)]
  0x000001d3650ac800 JavaThread "Unconstrained build operations Thread 31" [_thread_blocked, id=2200, stack(0x0000006346100000,0x0000006346200000)]
  0x000001d36505e800 JavaThread "Unconstrained build operations Thread 32" [_thread_blocked, id=16256, stack(0x0000006346200000,0x0000006346300000)]
  0x000001d36505b800 JavaThread "Unconstrained build operations Thread 33" [_thread_blocked, id=8724, stack(0x0000006346300000,0x0000006346400000)]
  0x000001d36505f800 JavaThread "Unconstrained build operations Thread 34" [_thread_blocked, id=1268, stack(0x0000006346400000,0x0000006346500000)]
  0x000001d36a8fd000 JavaThread "Unconstrained build operations Thread 35" [_thread_blocked, id=6836, stack(0x0000006346500000,0x0000006346600000)]
  0x000001d36a8fe800 JavaThread "Unconstrained build operations Thread 36" [_thread_blocked, id=1404, stack(0x0000006346600000,0x0000006346700000)]
  0x000001d36a8fb800 JavaThread "Unconstrained build operations Thread 37" [_thread_blocked, id=13316, stack(0x0000006346700000,0x0000006346800000)]
  0x000001d36a8fc000 JavaThread "Unconstrained build operations Thread 38" [_thread_blocked, id=15020, stack(0x0000006346800000,0x0000006346900000)]
  0x000001d36a8ff800 JavaThread "Unconstrained build operations Thread 39" [_thread_blocked, id=2416, stack(0x0000006346900000,0x0000006346a00000)]
  0x000001d36a8fe000 JavaThread "Unconstrained build operations Thread 40" [_thread_blocked, id=4916, stack(0x0000006346a00000,0x0000006346b00000)]
  0x000001d36a900000 JavaThread "Unconstrained build operations Thread 41" [_thread_blocked, id=8676, stack(0x0000006346b00000,0x0000006346c00000)]
  0x000001d36a8fa800 JavaThread "Unconstrained build operations Thread 42" [_thread_blocked, id=13332, stack(0x0000006346c00000,0x0000006346d00000)]
  0x000001d36a901000 JavaThread "Unconstrained build operations Thread 43" [_thread_blocked, id=1960, stack(0x0000006346d00000,0x0000006346e00000)]
  0x000001d369505800 JavaThread "Unconstrained build operations Thread 44" [_thread_blocked, id=13492, stack(0x0000006346e00000,0x0000006346f00000)]
  0x000001d369506000 JavaThread "Unconstrained build operations Thread 45" [_thread_blocked, id=6840, stack(0x0000006346f00000,0x0000006347000000)]
  0x000001d369504800 JavaThread "Unconstrained build operations Thread 46" [_thread_blocked, id=11296, stack(0x0000006347000000,0x0000006347100000)]
  0x000001d369503000 JavaThread "Unconstrained build operations Thread 47" [_thread_blocked, id=7892, stack(0x0000006347100000,0x0000006347200000)]
  0x000001d369507000 JavaThread "Unconstrained build operations Thread 48" [_thread_blocked, id=5060, stack(0x0000006347200000,0x0000006347300000)]
  0x000001d369501000 JavaThread "Unconstrained build operations Thread 49" [_thread_blocked, id=9264, stack(0x0000006347300000,0x0000006347400000)]
  0x000001d369507800 JavaThread "Unconstrained build operations Thread 50" [_thread_blocked, id=17028, stack(0x0000006347500000,0x0000006347600000)]
  0x000001d369502000 JavaThread "Unconstrained build operations Thread 51" [_thread_blocked, id=12640, stack(0x0000006347600000,0x0000006347700000)]
  0x000001d369503800 JavaThread "Unconstrained build operations Thread 52" [_thread_blocked, id=11516, stack(0x0000006347700000,0x0000006347800000)]
  0x000001d36cb7a000 JavaThread "Unconstrained build operations Thread 53" [_thread_blocked, id=13284, stack(0x0000006347800000,0x0000006347900000)]
  0x000001d36cb80000 JavaThread "Unconstrained build operations Thread 54" [_thread_blocked, id=10528, stack(0x0000006347900000,0x0000006347a00000)]
  0x000001d36cb7d800 JavaThread "Unconstrained build operations Thread 55" [_thread_blocked, id=7280, stack(0x0000006347a00000,0x0000006347b00000)]
  0x000001d36cb7e800 JavaThread "Unconstrained build operations Thread 56" [_thread_blocked, id=9276, stack(0x0000006347b00000,0x0000006347c00000)]
  0x000001d36cb7c000 JavaThread "Unconstrained build operations Thread 57" [_thread_blocked, id=716, stack(0x0000006347c00000,0x0000006347d00000)]
  0x000001d36cb7f000 JavaThread "Unconstrained build operations Thread 58" [_thread_blocked, id=2484, stack(0x0000006347d00000,0x0000006347e00000)]
  0x000001d36cb80800 JavaThread "Unconstrained build operations Thread 59" [_thread_blocked, id=6324, stack(0x0000006347e00000,0x0000006347f00000)]
  0x000001d36cb7c800 JavaThread "Unconstrained build operations Thread 60" [_thread_blocked, id=8332, stack(0x0000006347f00000,0x0000006348000000)]
  0x000001d36cb7b000 JavaThread "Unconstrained build operations Thread 61" [_thread_blocked, id=7764, stack(0x0000006348000000,0x0000006348100000)]
  0x000001d36cb87800 JavaThread "Unconstrained build operations Thread 62" [_thread_blocked, id=14068, stack(0x0000006348100000,0x0000006348200000)]
  0x000001d36cb81800 JavaThread "Unconstrained build operations Thread 63" [_thread_blocked, id=1824, stack(0x0000006348200000,0x0000006348300000)]
  0x000001d36cb85800 JavaThread "Unconstrained build operations Thread 64" [_thread_blocked, id=9144, stack(0x0000006348300000,0x0000006348400000)]
  0x000001d36cb88000 JavaThread "Unconstrained build operations Thread 65" [_thread_blocked, id=1116, stack(0x0000006348400000,0x0000006348500000)]
  0x000001d36cb82800 JavaThread "Unconstrained build operations Thread 66" [_thread_blocked, id=5092, stack(0x0000006348500000,0x0000006348600000)]
  0x000001d36cb85000 JavaThread "Unconstrained build operations Thread 67" [_thread_blocked, id=15452, stack(0x0000006348600000,0x0000006348700000)]
  0x000001d36cb83000 JavaThread "Unconstrained build operations Thread 68" [_thread_blocked, id=12336, stack(0x0000006348700000,0x0000006348800000)]
  0x000001d36cb84000 JavaThread "Unconstrained build operations Thread 69" [_thread_blocked, id=708, stack(0x0000006348800000,0x0000006348900000)]
  0x000001d36cb86800 JavaThread "Unconstrained build operations Thread 70" [_thread_blocked, id=16248, stack(0x0000006348900000,0x0000006348a00000)]
  0x000001d36cb89000 JavaThread "Unconstrained build operations Thread 71" [_thread_blocked, id=16780, stack(0x0000006348a00000,0x0000006348b00000)]
  0x000001d371755800 JavaThread "Unconstrained build operations Thread 72" [_thread_blocked, id=14648, stack(0x0000006348b00000,0x0000006348c00000)]
  0x000001d371758000 JavaThread "Unconstrained build operations Thread 73" [_thread_blocked, id=17260, stack(0x0000006348c00000,0x0000006348d00000)]
  0x000001d371756800 JavaThread "Unconstrained build operations Thread 74" [_thread_blocked, id=7788, stack(0x0000006348d00000,0x0000006348e00000)]
  0x000001d371757000 JavaThread "Unconstrained build operations Thread 75" [_thread_blocked, id=1332, stack(0x0000006348e00000,0x0000006348f00000)]
  0x000001d371752000 JavaThread "Unconstrained build operations Thread 76" [_thread_blocked, id=7288, stack(0x0000006348f00000,0x0000006349000000)]
  0x000001d371759000 JavaThread "Unconstrained build operations Thread 77" [_thread_blocked, id=5200, stack(0x0000006349000000,0x0000006349100000)]
  0x000001d371753000 JavaThread "Unconstrained build operations Thread 78" [_thread_blocked, id=15488, stack(0x0000006349100000,0x0000006349200000)]
  0x000001d371754800 JavaThread "Unconstrained build operations Thread 79" [_thread_blocked, id=2640, stack(0x0000006349200000,0x0000006349300000)]
  0x000001d371754000 JavaThread "Unconstrained build operations Thread 80" [_thread_blocked, id=10936, stack(0x0000006349300000,0x0000006349400000)]
  0x000001d363af9800 JavaThread "C2 CompilerThread1" daemon [_thread_blocked, id=10308, stack(0x0000006341d00000,0x0000006341e00000)]
  0x000001d363afa000 JavaThread "C2 CompilerThread2" daemon [_thread_blocked, id=4856, stack(0x0000006342e00000,0x0000006342f00000)]
  0x000001d36ebfd800 JavaThread "pool-6-thread-1" [_thread_blocked, id=7268, stack(0x0000006345200000,0x0000006345300000)]
  0x000001d36f300800 JavaThread "build event listener" [_thread_blocked, id=11948, stack(0x0000006349400000,0x0000006349500000)]
  0x000001d36f301800 JavaThread "Cache worker for execution history cache (D:\Projects\React Native\Taskly\android\.gradle\8.0.1\executionHistory)" [_thread_blocked, id=2628, stack(0x0000006349500000,0x0000006349600000)]

Other Threads:
=>0x000001d362bf8800 VMThread "VM Thread" [stack: 0x0000006340600000,0x0000006340700000] [id=14684]
  0x000001d36360f000 WatcherThread [stack: 0x0000006341000000,0x0000006341100000] [id=14248]
  0x000001d343af2000 GCTaskThread "GC Thread#0" [stack: 0x0000006340100000,0x0000006340200000] [id=3480]
  0x000001d3647da800 GCTaskThread "GC Thread#1" [stack: 0x0000006341200000,0x0000006341300000] [id=4524]
  0x000001d364c3c800 GCTaskThread "GC Thread#2" [stack: 0x0000006341300000,0x0000006341400000] [id=15228]
  0x000001d3644f6800 GCTaskThread "GC Thread#3" [stack: 0x0000006341400000,0x0000006341500000] [id=3848]
  0x000001d364c1f800 GCTaskThread "GC Thread#4" [stack: 0x0000006341500000,0x0000006341600000] [id=11584]
  0x000001d363b6a000 GCTaskThread "GC Thread#5" [stack: 0x0000006341600000,0x0000006341700000] [id=10352]
  0x000001d36659a800 GCTaskThread "GC Thread#6" [stack: 0x0000006342200000,0x0000006342300000] [id=15080]
  0x000001d366596000 GCTaskThread "GC Thread#7" [stack: 0x0000006342300000,0x0000006342400000] [id=16868]
  0x000001d343b23800 ConcurrentGCThread "G1 Main Marker" [stack: 0x0000006340200000,0x0000006340300000] [id=13904]
  0x000001d343b25000 ConcurrentGCThread "G1 Conc#0" [stack: 0x0000006340300000,0x0000006340400000] [id=16648]
  0x000001d36659c000 ConcurrentGCThread "G1 Conc#1" [stack: 0x0000006342400000,0x0000006342500000] [id=5336]
  0x000001d343bae000 ConcurrentGCThread "G1 Refine#0" [stack: 0x0000006340400000,0x0000006340500000] [id=4172]
  0x000001d362a86800 ConcurrentGCThread "G1 Young RemSet Sampling" [stack: 0x0000006340500000,0x0000006340600000] [id=16832]

Threads with active compile tasks:
C2 CompilerThread1   488909 16958       4       org.gradle.internal.isolated.IsolationScheme::inferParameterType (130 bytes)
C2 CompilerThread2   488909 16957       4       org.gradle.internal.isolated.IsolationScheme::parameterTypeFor (115 bytes)

VM state:at safepoint (normal execution)

VM Mutex/Monitor currently owned by a thread:  ([mutex/lock_event])
[0x000001d343ad82b0] Threads_lock - owner thread: 0x000001d362bf8800
[0x000001d343ad9270] Heap_lock - owner thread: 0x000001d36588e000

Heap address: 0x0000000080000000, size: 2048 MB, Compressed Oops mode: 32-bit
Narrow klass base: 0x0000000000000000, Narrow klass shift: 3
Compressed class space size: 528482304 Address: 0x0000000100000000

Heap:
 garbage-first heap   total 500736K, used 202905K [0x0000000080000000, 0x0000000100000000)
  region size 1024K, 3 young (3072K), 3 survivors (3072K)
 Metaspace       used 121491K, capacity 127145K, committed 127492K, reserved 626688K
  class space    used 15586K, capacity 17633K, committed 17740K, reserved 516096K
Heap Regions: E=young(eden), S=young(survivor), O=old, HS=humongous(starts), HC=humongous(continues), CS=collection set, F=free, A=archive, TAMS=top-at-mark-start (previous, next)
|   0|0x0000000080000000, 0x0000000080100000, 0x0000000080100000|100%|HS|  |TAMS 0x0000000080100000, 0x0000000080000000| Complete 
|   1|0x0000000080100000, 0x0000000080200000, 0x0000000080200000|100%|HC|  |TAMS 0x0000000080200000, 0x0000000080100000| Complete 
|   2|0x0000000080200000, 0x0000000080300000, 0x0000000080300000|100%|HC|  |TAMS 0x0000000080300000, 0x0000000080200000| Complete 
|   3|0x0000000080300000, 0x0000000080400000, 0x0000000080400000|100%|HC|  |TAMS 0x0000000080400000, 0x0000000080300000| Complete 
|   4|0x0000000080400000, 0x0000000080500000, 0x0000000080500000|100%| O|  |TAMS 0x0000000080500000, 0x0000000080400000| Updating 
|   5|0x0000000080500000, 0x0000000080600000, 0x0000000080600000|100%| O|  |TAMS 0x0000000080600000, 0x0000000080500000| Updating 
|   6|0x0000000080600000, 0x0000000080700000, 0x0000000080700000|100%| O|  |TAMS 0x0000000080700000, 0x0000000080600000| Updating 
|   7|0x0000000080700000, 0x0000000080800000, 0x0000000080800000|100%| O|  |TAMS 0x0000000080800000, 0x0000000080700000| Updating 
|   8|0x0000000080800000, 0x0000000080900000, 0x0000000080900000|100%| O|  |TAMS 0x0000000080900000, 0x0000000080800000| Updating 
|   9|0x0000000080900000, 0x0000000080a00000, 0x0000000080a00000|100%| O|  |TAMS 0x0000000080a00000, 0x0000000080900000| Updating 
|  10|0x0000000080a00000, 0x0000000080b00000, 0x0000000080b00000|100%| O|  |TAMS 0x0000000080b00000, 0x0000000080a00000| Updating 
|  11|0x0000000080b00000, 0x0000000080c00000, 0x0000000080c00000|100%| O|  |TAMS 0x0000000080c00000, 0x0000000080b00000| Updating 
|  12|0x0000000080c00000, 0x0000000080d00000, 0x0000000080d00000|100%| O|  |TAMS 0x0000000080d00000, 0x0000000080c00000| Updating 
|  13|0x0000000080d00000, 0x0000000080e00000, 0x0000000080e00000|100%| O|  |TAMS 0x0000000080e00000, 0x0000000080d00000| Updating 
|  14|0x0000000080e00000, 0x0000000080f00000, 0x0000000080f00000|100%| O|  |TAMS 0x0000000080f00000, 0x0000000080e00000| Updating 
|  15|0x0000000080f00000, 0x0000000081000000, 0x0000000081000000|100%| O|  |TAMS 0x0000000081000000, 0x0000000080f00000| Updating 
|  16|0x0000000081000000, 0x0000000081100000, 0x0000000081100000|100%| O|  |TAMS 0x0000000081100000, 0x0000000081000000| Updating 
|  17|0x0000000081100000, 0x0000000081200000, 0x0000000081200000|100%| O|  |TAMS 0x0000000081200000, 0x0000000081100000| Updating 
|  18|0x0000000081200000, 0x0000000081300000, 0x0000000081300000|100%| O|  |TAMS 0x0000000081300000, 0x0000000081200000| Updating 
|  19|0x0000000081300000, 0x0000000081400000, 0x0000000081400000|100%| O|  |TAMS 0x0000000081400000, 0x0000000081300000| Updating 
|  20|0x0000000081400000, 0x0000000081500000, 0x0000000081500000|100%| O|  |TAMS 0x0000000081500000, 0x0000000081400000| Updating 
|  21|0x0000000081500000, 0x0000000081600000, 0x0000000081600000|100%| O|  |TAMS 0x0000000081600000, 0x0000000081500000| Updating 
|  22|0x0000000081600000, 0x0000000081700000, 0x0000000081700000|100%| O|  |TAMS 0x0000000081700000, 0x0000000081600000| Updating 
|  23|0x0000000081700000, 0x0000000081800000, 0x0000000081800000|100%| O|  |TAMS 0x0000000081800000, 0x0000000081700000| Updating 
|  24|0x0000000081800000, 0x0000000081900000, 0x0000000081900000|100%| O|  |TAMS 0x0000000081900000, 0x0000000081800000| Updating 
|  25|0x0000000081900000, 0x0000000081a00000, 0x0000000081a00000|100%|HS|  |TAMS 0x0000000081a00000, 0x0000000081900000| Complete 
|  26|0x0000000081a00000, 0x0000000081b00000, 0x0000000081b00000|100%|HC|  |TAMS 0x0000000081b00000, 0x0000000081a00000| Complete 
|  27|0x0000000081b00000, 0x0000000081c00000, 0x0000000081c00000|100%|HS|  |TAMS 0x0000000081c00000, 0x0000000081b00000| Complete 
|  28|0x0000000081c00000, 0x0000000081d00000, 0x0000000081d00000|100%|HC|  |TAMS 0x0000000081d00000, 0x0000000081c00000| Complete 
|  29|0x0000000081d00000, 0x0000000081e00000, 0x0000000081e00000|100%|HC|  |TAMS 0x0000000081e00000, 0x0000000081d00000| Complete 
|  30|0x0000000081e00000, 0x0000000081f00000, 0x0000000081f00000|100%|HC|  |TAMS 0x0000000081f00000, 0x0000000081e00000| Complete 
|  31|0x0000000081f00000, 0x0000000082000000, 0x0000000082000000|100%| O|  |TAMS 0x0000000082000000, 0x0000000081f00000| Updating 
|  32|0x0000000082000000, 0x0000000082100000, 0x0000000082100000|100%| O|  |TAMS 0x0000000082100000, 0x0000000082000000| Updating 
|  33|0x0000000082100000, 0x0000000082200000, 0x0000000082200000|100%| O|  |TAMS 0x0000000082200000, 0x0000000082100000| Updating 
|  34|0x0000000082200000, 0x0000000082300000, 0x0000000082300000|100%| O|  |TAMS 0x0000000082300000, 0x0000000082200000| Updating 
|  35|0x0000000082300000, 0x0000000082400000, 0x0000000082400000|100%| O|  |TAMS 0x0000000082400000, 0x0000000082300000| Updating 
|  36|0x0000000082400000, 0x0000000082500000, 0x0000000082500000|100%| O|  |TAMS 0x0000000082500000, 0x0000000082400000| Updating 
|  37|0x0000000082500000, 0x0000000082600000, 0x0000000082600000|100%| O|  |TAMS 0x0000000082600000, 0x0000000082500000| Updating 
|  38|0x0000000082600000, 0x0000000082700000, 0x0000000082700000|100%| O|  |TAMS 0x0000000082700000, 0x0000000082600000| Updating 
|  39|0x0000000082700000, 0x0000000082800000, 0x0000000082800000|100%| O|  |TAMS 0x0000000082800000, 0x0000000082700000| Updating 
|  40|0x0000000082800000, 0x0000000082900000, 0x0000000082900000|100%|HS|  |TAMS 0x0000000082900000, 0x0000000082800000| Complete 
|  41|0x0000000082900000, 0x0000000082a00000, 0x0000000082a00000|100%|HS|  |TAMS 0x0000000082a00000, 0x0000000082900000| Complete 
|  42|0x0000000082a00000, 0x0000000082b00000, 0x0000000082b00000|100%| O|  |TAMS 0x0000000082b00000, 0x0000000082a00000| Updating 
|  43|0x0000000082b00000, 0x0000000082c00000, 0x0000000082c00000|100%| O|  |TAMS 0x0000000082c00000, 0x0000000082b00000| Updating 
|  44|0x0000000082c00000, 0x0000000082d00000, 0x0000000082d00000|100%| O|  |TAMS 0x0000000082d00000, 0x0000000082c00000| Updating 
|  45|0x0000000082d00000, 0x0000000082e00000, 0x0000000082e00000|100%| O|  |TAMS 0x0000000082e00000, 0x0000000082d00000| Updating 
|  46|0x0000000082e00000, 0x0000000082f00000, 0x0000000082f00000|100%| O|  |TAMS 0x0000000082f00000, 0x0000000082e00000| Updating 
|  47|0x0000000082f00000, 0x0000000083000000, 0x0000000083000000|100%| O|  |TAMS 0x0000000083000000, 0x0000000082f00000| Updating 
|  48|0x0000000083000000, 0x0000000083100000, 0x0000000083100000|100%| O|  |TAMS 0x0000000083100000, 0x0000000083000000| Updating 
|  49|0x0000000083100000, 0x0000000083200000, 0x0000000083200000|100%| O|  |TAMS 0x0000000083200000, 0x0000000083100000| Updating 
|  50|0x0000000083200000, 0x0000000083300000, 0x0000000083300000|100%| O|  |TAMS 0x0000000083300000, 0x0000000083200000| Updating 
|  51|0x0000000083300000, 0x0000000083400000, 0x0000000083400000|100%| O|  |TAMS 0x0000000083400000, 0x0000000083300000| Updating 
|  52|0x0000000083400000, 0x0000000083500000, 0x0000000083500000|100%| O|  |TAMS 0x0000000083500000, 0x0000000083400000| Updating 
|  53|0x0000000083500000, 0x0000000083600000, 0x0000000083600000|100%| O|  |TAMS 0x0000000083600000, 0x0000000083500000| Updating 
|  54|0x0000000083600000, 0x0000000083700000, 0x0000000083700000|100%| O|  |TAMS 0x0000000083700000, 0x0000000083600000| Updating 
|  55|0x0000000083700000, 0x0000000083800000, 0x0000000083800000|100%| O|  |TAMS 0x0000000083800000, 0x0000000083700000| Updating 
|  56|0x0000000083800000, 0x0000000083900000, 0x0000000083900000|100%| O|  |TAMS 0x0000000083900000, 0x0000000083800000| Updating 
|  57|0x0000000083900000, 0x0000000083a00000, 0x0000000083a00000|100%| O|  |TAMS 0x0000000083a00000, 0x0000000083900000| Updating 
|  58|0x0000000083a00000, 0x0000000083b00000, 0x0000000083b00000|100%| O|  |TAMS 0x0000000083b00000, 0x0000000083a00000| Updating 
|  59|0x0000000083b00000, 0x0000000083c00000, 0x0000000083c00000|100%| O|  |TAMS 0x0000000083c00000, 0x0000000083b00000| Updating 
|  60|0x0000000083c00000, 0x0000000083d00000, 0x0000000083d00000|100%| O|  |TAMS 0x0000000083d00000, 0x0000000083c00000| Updating 
|  61|0x0000000083d00000, 0x0000000083e00000, 0x0000000083e00000|100%| O|  |TAMS 0x0000000083e00000, 0x0000000083d00000| Updating 
|  62|0x0000000083e00000, 0x0000000083f00000, 0x0000000083f00000|100%| O|  |TAMS 0x0000000083f00000, 0x0000000083e00000| Updating 
|  63|0x0000000083f00000, 0x0000000084000000, 0x0000000084000000|100%| O|  |TAMS 0x0000000084000000, 0x0000000083f00000| Updating 
|  64|0x0000000084000000, 0x0000000084100000, 0x0000000084100000|100%| O|  |TAMS 0x0000000084100000, 0x0000000084000000| Updating 
|  65|0x0000000084100000, 0x0000000084200000, 0x0000000084200000|100%| O|  |TAMS 0x0000000084200000, 0x0000000084100000| Updating 
|  66|0x0000000084200000, 0x0000000084300000, 0x0000000084300000|100%| O|  |TAMS 0x0000000084300000, 0x0000000084200000| Updating 
|  67|0x0000000084300000, 0x0000000084400000, 0x0000000084400000|100%| O|  |TAMS 0x0000000084400000, 0x0000000084300000| Updating 
|  68|0x0000000084400000, 0x0000000084500000, 0x0000000084500000|100%| O|  |TAMS 0x0000000084500000, 0x0000000084400000| Updating 
|  69|0x0000000084500000, 0x0000000084600000, 0x0000000084600000|100%| O|  |TAMS 0x0000000084600000, 0x0000000084500000| Updating 
|  70|0x0000000084600000, 0x0000000084700000, 0x0000000084700000|100%| O|  |TAMS 0x0000000084700000, 0x0000000084600000| Updating 
|  71|0x0000000084700000, 0x0000000084800000, 0x0000000084800000|100%| O|  |TAMS 0x0000000084800000, 0x0000000084700000| Updating 
|  72|0x0000000084800000, 0x0000000084900000, 0x0000000084900000|100%| O|  |TAMS 0x0000000084900000, 0x0000000084800000| Updating 
|  73|0x0000000084900000, 0x0000000084a00000, 0x0000000084a00000|100%| O|  |TAMS 0x0000000084a00000, 0x0000000084900000| Updating 
|  74|0x0000000084a00000, 0x0000000084b00000, 0x0000000084b00000|100%| O|  |TAMS 0x0000000084b00000, 0x0000000084a00000| Updating 
|  75|0x0000000084b00000, 0x0000000084c00000, 0x0000000084c00000|100%| O|  |TAMS 0x0000000084c00000, 0x0000000084b00000| Updating 
|  76|0x0000000084c00000, 0x0000000084d00000, 0x0000000084d00000|100%| O|  |TAMS 0x0000000084d00000, 0x0000000084c00000| Updating 
|  77|0x0000000084d00000, 0x0000000084e00000, 0x0000000084e00000|100%| O|  |TAMS 0x0000000084e00000, 0x0000000084d00000| Updating 
|  78|0x0000000084e00000, 0x0000000084f00000, 0x0000000084f00000|100%| O|  |TAMS 0x0000000084f00000, 0x0000000084e00000| Updating 
|  79|0x0000000084f00000, 0x0000000085000000, 0x0000000085000000|100%| O|  |TAMS 0x0000000085000000, 0x0000000084f00000| Updating 
|  80|0x0000000085000000, 0x0000000085100000, 0x0000000085100000|100%| O|  |TAMS 0x0000000085100000, 0x0000000085000000| Updating 
|  81|0x0000000085100000, 0x0000000085200000, 0x0000000085200000|100%| O|  |TAMS 0x0000000085200000, 0x0000000085100000| Updating 
|  82|0x0000000085200000, 0x0000000085300000, 0x0000000085300000|100%| O|  |TAMS 0x0000000085300000, 0x0000000085200000| Updating 
|  83|0x0000000085300000, 0x0000000085400000, 0x0000000085400000|100%| O|  |TAMS 0x0000000085400000, 0x0000000085300000| Updating 
|  84|0x0000000085400000, 0x0000000085500000, 0x0000000085500000|100%| O|  |TAMS 0x0000000085500000, 0x0000000085400000| Updating 
|  85|0x0000000085500000, 0x0000000085600000, 0x0000000085600000|100%| O|  |TAMS 0x0000000085600000, 0x0000000085500000| Updating 
|  86|0x0000000085600000, 0x0000000085700000, 0x0000000085700000|100%|HS|  |TAMS 0x0000000085700000, 0x0000000085600000| Complete 
|  87|0x0000000085700000, 0x0000000085800000, 0x0000000085800000|100%|HS|  |TAMS 0x0000000085800000, 0x0000000085700000| Complete 
|  88|0x0000000085800000, 0x0000000085900000, 0x0000000085900000|100%|HS|  |TAMS 0x0000000085900000, 0x0000000085800000| Complete 
|  89|0x0000000085900000, 0x0000000085a00000, 0x0000000085a00000|100%|HS|  |TAMS 0x0000000085a00000, 0x0000000085900000| Complete 
|  90|0x0000000085a00000, 0x0000000085b00000, 0x0000000085b00000|100%|HC|  |TAMS 0x0000000085b00000, 0x0000000085a00000| Complete 
|  91|0x0000000085b00000, 0x0000000085c00000, 0x0000000085c00000|100%|HC|  |TAMS 0x0000000085c00000, 0x0000000085b00000| Complete 
|  92|0x0000000085c00000, 0x0000000085d00000, 0x0000000085d00000|100%|HS|  |TAMS 0x0000000085d00000, 0x0000000085c00000| Complete 
|  93|0x0000000085d00000, 0x0000000085e00000, 0x0000000085e00000|100%|HC|  |TAMS 0x0000000085e00000, 0x0000000085d00000| Complete 
|  94|0x0000000085e00000, 0x0000000085f00000, 0x0000000085f00000|100%| O|  |TAMS 0x0000000085f00000, 0x0000000085e00000| Updating 
|  95|0x0000000085f00000, 0x0000000086000000, 0x0000000086000000|100%| O|  |TAMS 0x0000000086000000, 0x0000000085f00000| Updating 
|  96|0x0000000086000000, 0x0000000086100000, 0x0000000086100000|100%| O|  |TAMS 0x0000000086100000, 0x0000000086000000| Updating 
|  97|0x0000000086100000, 0x0000000086200000, 0x0000000086200000|100%| O|  |TAMS 0x0000000086200000, 0x0000000086100000| Updating 
|  98|0x0000000086200000, 0x0000000086300000, 0x0000000086300000|100%| O|  |TAMS 0x0000000086300000, 0x0000000086200000| Updating 
|  99|0x0000000086300000, 0x0000000086400000, 0x0000000086400000|100%| O|  |TAMS 0x0000000086400000, 0x0000000086300000| Updating 
| 100|0x0000000086400000, 0x0000000086500000, 0x0000000086500000|100%| O|  |TAMS 0x0000000086500000, 0x0000000086400000| Updating 
| 101|0x0000000086500000, 0x0000000086600000, 0x0000000086600000|100%| O|  |TAMS 0x0000000086600000, 0x0000000086500000| Updating 
| 102|0x0000000086600000, 0x0000000086700000, 0x0000000086700000|100%| O|  |TAMS 0x0000000086700000, 0x0000000086600000| Updating 
| 103|0x0000000086700000, 0x0000000086800000, 0x0000000086800000|100%| O|  |TAMS 0x0000000086800000, 0x0000000086700000| Updating 
| 104|0x0000000086800000, 0x0000000086900000, 0x0000000086900000|100%| O|  |TAMS 0x0000000086900000, 0x0000000086800000| Updating 
| 105|0x0000000086900000, 0x0000000086a00000, 0x0000000086a00000|100%| O|  |TAMS 0x0000000086a00000, 0x0000000086900000| Updating 
| 106|0x0000000086a00000, 0x0000000086b00000, 0x0000000086b00000|100%| O|  |TAMS 0x0000000086b00000, 0x0000000086a00000| Updating 
| 107|0x0000000086b00000, 0x0000000086c00000, 0x0000000086c00000|100%| O|  |TAMS 0x0000000086c00000, 0x0000000086b00000| Updating 
| 108|0x0000000086c00000, 0x0000000086d00000, 0x0000000086d00000|100%| O|  |TAMS 0x0000000086d00000, 0x0000000086c00000| Updating 
| 109|0x0000000086d00000, 0x0000000086e00000, 0x0000000086e00000|100%| O|  |TAMS 0x0000000086e00000, 0x0000000086d00000| Updating 
| 110|0x0000000086e00000, 0x0000000086f00000, 0x0000000086f00000|100%|HS|  |TAMS 0x0000000086f00000, 0x0000000086e00000| Complete 
| 111|0x0000000086f00000, 0x0000000087000000, 0x0000000087000000|100%|HC|  |TAMS 0x0000000087000000, 0x0000000086f00000| Complete 
| 112|0x0000000087000000, 0x0000000087100000, 0x0000000087100000|100%|HS|  |TAMS 0x0000000087100000, 0x0000000087000000| Complete 
| 113|0x0000000087100000, 0x0000000087200000, 0x0000000087200000|100%|HC|  |TAMS 0x0000000087200000, 0x0000000087100000| Complete 
| 114|0x0000000087200000, 0x0000000087300000, 0x0000000087300000|100%| O|  |TAMS 0x0000000087300000, 0x0000000087200000| Updating 
| 115|0x0000000087300000, 0x0000000087400000, 0x0000000087400000|100%| O|  |TAMS 0x0000000087400000, 0x0000000087300000| Updating 
| 116|0x0000000087400000, 0x0000000087500000, 0x0000000087500000|100%| O|  |TAMS 0x0000000087500000, 0x0000000087400000| Updating 
| 117|0x0000000087500000, 0x0000000087600000, 0x0000000087600000|100%| O|  |TAMS 0x0000000087600000, 0x0000000087500000| Updating 
| 118|0x0000000087600000, 0x0000000087700000, 0x0000000087700000|100%| O|  |TAMS 0x0000000087700000, 0x0000000087600000| Updating 
| 119|0x0000000087700000, 0x0000000087800000, 0x0000000087800000|100%| O|  |TAMS 0x0000000087800000, 0x0000000087700000| Updating 
| 120|0x0000000087800000, 0x0000000087900000, 0x0000000087900000|100%| O|  |TAMS 0x0000000087900000, 0x0000000087800000| Updating 
| 121|0x0000000087900000, 0x0000000087a00000, 0x0000000087a00000|100%| O|  |TAMS 0x0000000087a00000, 0x0000000087900000| Updating 
| 122|0x0000000087a00000, 0x0000000087b00000, 0x0000000087b00000|100%| O|  |TAMS 0x0000000087b00000, 0x0000000087a00000| Updating 
| 123|0x0000000087b00000, 0x0000000087c00000, 0x0000000087c00000|100%| O|  |TAMS 0x0000000087c00000, 0x0000000087b00000| Updating 
| 124|0x0000000087c00000, 0x0000000087d00000, 0x0000000087d00000|100%| O|  |TAMS 0x0000000087d00000, 0x0000000087c00000| Updating 
| 125|0x0000000087d00000, 0x0000000087e00000, 0x0000000087e00000|100%| O|  |TAMS 0x0000000087e00000, 0x0000000087d00000| Updating 
| 126|0x0000000087e00000, 0x0000000087f00000, 0x0000000087f00000|100%| O|  |TAMS 0x0000000087f00000, 0x0000000087e00000| Updating 
| 127|0x0000000087f00000, 0x0000000088000000, 0x0000000088000000|100%| O|  |TAMS 0x0000000088000000, 0x0000000087f00000| Updating 
| 128|0x0000000088000000, 0x0000000088100000, 0x0000000088100000|100%| O|  |TAMS 0x0000000088100000, 0x0000000088000000| Updating 
| 129|0x0000000088100000, 0x0000000088200000, 0x0000000088200000|100%|HS|  |TAMS 0x0000000088200000, 0x0000000088100000| Complete 
| 130|0x0000000088200000, 0x0000000088300000, 0x0000000088300000|100%|HS|  |TAMS 0x0000000088300000, 0x0000000088200000| Complete 
| 131|0x0000000088300000, 0x0000000088400000, 0x0000000088400000|100%|HS|  |TAMS 0x0000000088400000, 0x0000000088300000| Complete 
| 132|0x0000000088400000, 0x0000000088500000, 0x0000000088500000|100%|HS|  |TAMS 0x0000000088500000, 0x0000000088400000| Complete 
| 133|0x0000000088500000, 0x0000000088600000, 0x0000000088600000|100%|HC|  |TAMS 0x0000000088600000, 0x0000000088500000| Complete 
| 134|0x0000000088600000, 0x0000000088700000, 0x0000000088700000|100%|HC|  |TAMS 0x0000000088700000, 0x0000000088600000| Complete 
| 135|0x0000000088700000, 0x0000000088800000, 0x0000000088800000|100%| O|  |TAMS 0x0000000088800000, 0x0000000088700000| Updating 
| 136|0x0000000088800000, 0x0000000088900000, 0x0000000088900000|100%| O|  |TAMS 0x0000000088900000, 0x0000000088800000| Updating 
| 137|0x0000000088900000, 0x0000000088a00000, 0x0000000088a00000|100%| O|  |TAMS 0x0000000088a00000, 0x0000000088900000| Updating 
| 138|0x0000000088a00000, 0x0000000088b00000, 0x0000000088b00000|100%| O|  |TAMS 0x0000000088b00000, 0x0000000088a00000| Updating 
| 139|0x0000000088b00000, 0x0000000088c00000, 0x0000000088c00000|100%| O|  |TAMS 0x0000000088c00000, 0x0000000088b00000| Updating 
| 140|0x0000000088c00000, 0x0000000088d00000, 0x0000000088d00000|100%| O|  |TAMS 0x0000000088d00000, 0x0000000088c00000| Updating 
| 141|0x0000000088d00000, 0x0000000088e00000, 0x0000000088e00000|100%| O|  |TAMS 0x0000000088e00000, 0x0000000088d00000| Updating 
| 142|0x0000000088e00000, 0x0000000088f00000, 0x0000000088f00000|100%| O|  |TAMS 0x0000000088f00000, 0x0000000088e00000| Updating 
| 143|0x0000000088f00000, 0x0000000089000000, 0x0000000089000000|100%| O|  |TAMS 0x0000000088f00000, 0x0000000088f00000| Untracked 
| 144|0x0000000089000000, 0x0000000089100000, 0x0000000089100000|100%| O|  |TAMS 0x0000000089100000, 0x0000000089000000| Updating 
| 145|0x0000000089100000, 0x0000000089200000, 0x0000000089200000|100%| O|  |TAMS 0x0000000089200000, 0x0000000089100000| Updating 
| 146|0x0000000089200000, 0x0000000089300000, 0x0000000089300000|100%| O|  |TAMS 0x0000000089300000, 0x0000000089200000| Updating 
| 147|0x0000000089300000, 0x0000000089400000, 0x0000000089400000|100%| O|  |TAMS 0x0000000089400000, 0x0000000089300000| Updating 
| 148|0x0000000089400000, 0x0000000089500000, 0x0000000089500000|100%| O|  |TAMS 0x0000000089500000, 0x0000000089400000| Updating 
| 149|0x0000000089500000, 0x0000000089600000, 0x0000000089600000|100%| O|  |TAMS 0x0000000089600000, 0x0000000089500000| Updating 
| 150|0x0000000089600000, 0x0000000089700000, 0x0000000089700000|100%| O|  |TAMS 0x0000000089700000, 0x0000000089600000| Updating 
| 151|0x0000000089700000, 0x0000000089800000, 0x0000000089800000|100%| O|  |TAMS 0x0000000089800000, 0x0000000089700000| Updating 
| 152|0x0000000089800000, 0x0000000089900000, 0x0000000089900000|100%| O|  |TAMS 0x0000000089900000, 0x0000000089800000| Updating 
| 153|0x0000000089900000, 0x0000000089a00000, 0x0000000089a00000|100%| O|  |TAMS 0x0000000089a00000, 0x0000000089900000| Updating 
| 154|0x0000000089a00000, 0x0000000089b00000, 0x0000000089b00000|100%| O|  |TAMS 0x0000000089b00000, 0x0000000089a00000| Updating 
| 155|0x0000000089b00000, 0x0000000089c00000, 0x0000000089c00000|100%| O|  |TAMS 0x0000000089c00000, 0x0000000089b00000| Updating 
| 156|0x0000000089c00000, 0x0000000089d00000, 0x0000000089d00000|100%|HS|  |TAMS 0x0000000089d00000, 0x0000000089c00000| Complete 
| 157|0x0000000089d00000, 0x0000000089e00000, 0x0000000089e00000|100%| O|  |TAMS 0x0000000089e00000, 0x0000000089d00000| Updating 
| 158|0x0000000089e00000, 0x0000000089f00000, 0x0000000089f00000|100%| O|  |TAMS 0x0000000089f00000, 0x0000000089e00000| Updating 
| 159|0x0000000089f00000, 0x000000008a000000, 0x000000008a000000|100%| O|  |TAMS 0x0000000089f00000, 0x0000000089f00000| Untracked 
| 160|0x000000008a000000, 0x000000008a100000, 0x000000008a100000|100%| O|  |TAMS 0x000000008a100000, 0x000000008a000000| Updating 
| 161|0x000000008a100000, 0x000000008a200000, 0x000000008a200000|100%| O|  |TAMS 0x000000008a200000, 0x000000008a100000| Updating 
| 162|0x000000008a200000, 0x000000008a300000, 0x000000008a300000|100%| O|  |TAMS 0x000000008a300000, 0x000000008a200000| Updating 
| 163|0x000000008a300000, 0x000000008a400000, 0x000000008a400000|100%| O|  |TAMS 0x000000008a400000, 0x000000008a300000| Updating 
| 164|0x000000008a400000, 0x000000008a500000, 0x000000008a500000|100%| O|  |TAMS 0x000000008a400000, 0x000000008a400000| Untracked 
| 165|0x000000008a500000, 0x000000008a600000, 0x000000008a600000|100%| O|  |TAMS 0x000000008a500000, 0x000000008a500000| Untracked 
| 166|0x000000008a600000, 0x000000008a700000, 0x000000008a700000|100%| O|  |TAMS 0x000000008a600000, 0x000000008a600000| Untracked 
| 167|0x000000008a700000, 0x000000008a800000, 0x000000008a800000|100%| O|  |TAMS 0x000000008a800000, 0x000000008a700000| Updating 
| 168|0x000000008a800000, 0x000000008a900000, 0x000000008a900000|100%| O|  |TAMS 0x000000008a900000, 0x000000008a800000| Updating 
| 169|0x000000008a900000, 0x000000008aa00000, 0x000000008aa00000|100%| O|  |TAMS 0x000000008a900000, 0x000000008a900000| Untracked 
| 170|0x000000008aa00000, 0x000000008aa26400, 0x000000008ab00000| 14%| O|  |TAMS 0x000000008aa00000, 0x000000008aa00000| Untracked 
| 171|0x000000008ab00000, 0x000000008ac00000, 0x000000008ac00000|100%| O|  |TAMS 0x000000008ac00000, 0x000000008ab00000| Updating 
| 172|0x000000008ac00000, 0x000000008ad00000, 0x000000008ad00000|100%| O|  |TAMS 0x000000008ad00000, 0x000000008ac00000| Updating 
| 173|0x000000008ad00000, 0x000000008ae00000, 0x000000008ae00000|100%| O|  |TAMS 0x000000008ae00000, 0x000000008ad00000| Updating 
| 174|0x000000008ae00000, 0x000000008ae00000, 0x000000008af00000|  0%| F|  |TAMS 0x000000008ae00000, 0x000000008ae00000| Untracked 
| 175|0x000000008af00000, 0x000000008b000000, 0x000000008b000000|100%| O|  |TAMS 0x000000008b000000, 0x000000008af00000| Updating 
| 176|0x000000008b000000, 0x000000008b000000, 0x000000008b100000|  0%| F|  |TAMS 0x000000008b000000, 0x000000008b000000| Untracked 
| 177|0x000000008b100000, 0x000000008b100000, 0x000000008b200000|  0%| F|  |TAMS 0x000000008b100000, 0x000000008b100000| Untracked 
| 178|0x000000008b200000, 0x000000008b200000, 0x000000008b300000|  0%| F|  |TAMS 0x000000008b200000, 0x000000008b200000| Untracked 
| 179|0x000000008b300000, 0x000000008b400000, 0x000000008b400000|100%| O|  |TAMS 0x000000008b400000, 0x000000008b300000| Updating 
| 180|0x000000008b400000, 0x000000008b400000, 0x000000008b500000|  0%| F|  |TAMS 0x000000008b400000, 0x000000008b400000| Untracked 
| 181|0x000000008b500000, 0x000000008b500000, 0x000000008b600000|  0%| F|  |TAMS 0x000000008b500000, 0x000000008b500000| Untracked 
| 182|0x000000008b600000, 0x000000008b600000, 0x000000008b700000|  0%| F|  |TAMS 0x000000008b600000, 0x000000008b600000| Untracked 
| 183|0x000000008b700000, 0x000000008b700000, 0x000000008b800000|  0%| F|  |TAMS 0x000000008b700000, 0x000000008b700000| Untracked 
| 184|0x000000008b800000, 0x000000008b800000, 0x000000008b900000|  0%| F|  |TAMS 0x000000008b800000, 0x000000008b800000| Untracked 
| 185|0x000000008b900000, 0x000000008b900000, 0x000000008ba00000|  0%| F|  |TAMS 0x000000008b900000, 0x000000008b900000| Untracked 
| 186|0x000000008ba00000, 0x000000008ba00000, 0x000000008bb00000|  0%| F|  |TAMS 0x000000008ba00000, 0x000000008ba00000| Untracked 
| 187|0x000000008bb00000, 0x000000008bb00000, 0x000000008bc00000|  0%| F|  |TAMS 0x000000008bb00000, 0x000000008bb00000| Untracked 
| 188|0x000000008bc00000, 0x000000008bc00000, 0x000000008bd00000|  0%| F|  |TAMS 0x000000008bc00000, 0x000000008bc00000| Untracked 
| 189|0x000000008bd00000, 0x000000008bd00000, 0x000000008be00000|  0%| F|  |TAMS 0x000000008bd00000, 0x000000008bd00000| Untracked 
| 190|0x000000008be00000, 0x000000008be00000, 0x000000008bf00000|  0%| F|  |TAMS 0x000000008be00000, 0x000000008be00000| Untracked 
| 191|0x000000008bf00000, 0x000000008bf00000, 0x000000008c000000|  0%| F|  |TAMS 0x000000008bf00000, 0x000000008bf00000| Untracked 
| 192|0x000000008c000000, 0x000000008c000000, 0x000000008c100000|  0%| F|  |TAMS 0x000000008c000000, 0x000000008c000000| Untracked 
| 193|0x000000008c100000, 0x000000008c100000, 0x000000008c200000|  0%| F|  |TAMS 0x000000008c100000, 0x000000008c100000| Untracked 
| 194|0x000000008c200000, 0x000000008c200000, 0x000000008c300000|  0%| F|  |TAMS 0x000000008c200000, 0x000000008c200000| Untracked 
| 195|0x000000008c300000, 0x000000008c300000, 0x000000008c400000|  0%| F|  |TAMS 0x000000008c300000, 0x000000008c300000| Untracked 
| 196|0x000000008c400000, 0x000000008c400000, 0x000000008c500000|  0%| F|  |TAMS 0x000000008c400000, 0x000000008c400000| Untracked 
| 197|0x000000008c500000, 0x000000008c500000, 0x000000008c600000|  0%| F|  |TAMS 0x000000008c500000, 0x000000008c500000| Untracked 
| 198|0x000000008c600000, 0x000000008c600000, 0x000000008c700000|  0%| F|  |TAMS 0x000000008c600000, 0x000000008c600000| Untracked 
| 199|0x000000008c700000, 0x000000008c800000, 0x000000008c800000|100%| O|  |TAMS 0x000000008c800000, 0x000000008c700000| Updating 
| 200|0x000000008c800000, 0x000000008c800000, 0x000000008c900000|  0%| F|  |TAMS 0x000000008c800000, 0x000000008c800000| Untracked 
| 201|0x000000008c900000, 0x000000008c900000, 0x000000008ca00000|  0%| F|  |TAMS 0x000000008c900000, 0x000000008c900000| Untracked 
| 202|0x000000008ca00000, 0x000000008ca00000, 0x000000008cb00000|  0%| F|  |TAMS 0x000000008ca00000, 0x000000008ca00000| Untracked 
| 203|0x000000008cb00000, 0x000000008cb00000, 0x000000008cc00000|  0%| F|  |TAMS 0x000000008cb00000, 0x000000008cb00000| Untracked 
| 204|0x000000008cc00000, 0x000000008cc00000, 0x000000008cd00000|  0%| F|  |TAMS 0x000000008cc00000, 0x000000008cc00000| Untracked 
| 205|0x000000008cd00000, 0x000000008cd00000, 0x000000008ce00000|  0%| F|  |TAMS 0x000000008cd00000, 0x000000008cd00000| Untracked 
| 206|0x000000008ce00000, 0x000000008ce00000, 0x000000008cf00000|  0%| F|  |TAMS 0x000000008ce00000, 0x000000008ce00000| Untracked 
| 207|0x000000008cf00000, 0x000000008d000000, 0x000000008d000000|100%| O|  |TAMS 0x000000008d000000, 0x000000008cf00000| Updating 
| 208|0x000000008d000000, 0x000000008d100000, 0x000000008d100000|100%| O|  |TAMS 0x000000008d100000, 0x000000008d000000| Updating 
| 209|0x000000008d100000, 0x000000008d100000, 0x000000008d200000|  0%| F|  |TAMS 0x000000008d100000, 0x000000008d100000| Untracked 
| 210|0x000000008d200000, 0x000000008d200000, 0x000000008d300000|  0%| F|  |TAMS 0x000000008d200000, 0x000000008d200000| Untracked 
| 211|0x000000008d300000, 0x000000008d300000, 0x000000008d400000|  0%| F|  |TAMS 0x000000008d300000, 0x000000008d300000| Untracked 
| 212|0x000000008d400000, 0x000000008d500000, 0x000000008d500000|100%| O|  |TAMS 0x000000008d500000, 0x000000008d400000| Updating 
| 213|0x000000008d500000, 0x000000008d600000, 0x000000008d600000|100%| O|  |TAMS 0x000000008d600000, 0x000000008d500000| Updating 
| 214|0x000000008d600000, 0x000000008d700000, 0x000000008d700000|100%| O|  |TAMS 0x000000008d700000, 0x000000008d600000| Updating 
| 215|0x000000008d700000, 0x000000008d800000, 0x000000008d800000|100%| O|  |TAMS 0x000000008d800000, 0x000000008d700000| Updating 
| 216|0x000000008d800000, 0x000000008d900000, 0x000000008d900000|100%| O|  |TAMS 0x000000008d900000, 0x000000008d800000| Updating 
| 217|0x000000008d900000, 0x000000008da00000, 0x000000008da00000|100%| O|  |TAMS 0x000000008da00000, 0x000000008d900000| Updating 
| 218|0x000000008da00000, 0x000000008db00000, 0x000000008db00000|100%| O|  |TAMS 0x000000008db00000, 0x000000008da00000| Updating 
| 219|0x000000008db00000, 0x000000008dc00000, 0x000000008dc00000|100%| O|  |TAMS 0x000000008dc00000, 0x000000008db00000| Updating 
| 220|0x000000008dc00000, 0x000000008dd00000, 0x000000008dd00000|100%| O|  |TAMS 0x000000008dd00000, 0x000000008dc00000| Updating 
| 221|0x000000008dd00000, 0x000000008de00000, 0x000000008de00000|100%| O|  |TAMS 0x000000008de00000, 0x000000008dd00000| Updating 
| 222|0x000000008de00000, 0x000000008df00000, 0x000000008df00000|100%| O|  |TAMS 0x000000008df00000, 0x000000008de00000| Updating 
| 223|0x000000008df00000, 0x000000008e000000, 0x000000008e000000|100%| O|  |TAMS 0x000000008e000000, 0x000000008df00000| Updating 
| 224|0x000000008e000000, 0x000000008e100000, 0x000000008e100000|100%| O|  |TAMS 0x000000008e100000, 0x000000008e000000| Updating 
| 225|0x000000008e100000, 0x000000008e200000, 0x000000008e200000|100%| O|  |TAMS 0x000000008e200000, 0x000000008e100000| Updating 
| 226|0x000000008e200000, 0x000000008e300000, 0x000000008e300000|100%| O|  |TAMS 0x000000008e300000, 0x000000008e200000| Updating 
| 227|0x000000008e300000, 0x000000008e400000, 0x000000008e400000|100%| O|  |TAMS 0x000000008e400000, 0x000000008e300000| Updating 
| 228|0x000000008e400000, 0x000000008e500000, 0x000000008e500000|100%| O|  |TAMS 0x000000008e500000, 0x000000008e400000| Updating 
| 229|0x000000008e500000, 0x000000008e500000, 0x000000008e600000|  0%| F|  |TAMS 0x000000008e500000, 0x000000008e500000| Untracked 
| 230|0x000000008e600000, 0x000000008e600000, 0x000000008e700000|  0%| F|  |TAMS 0x000000008e600000, 0x000000008e600000| Untracked 
| 231|0x000000008e700000, 0x000000008e700000, 0x000000008e800000|  0%| F|  |TAMS 0x000000008e700000, 0x000000008e700000| Untracked 
| 232|0x000000008e800000, 0x000000008e900000, 0x000000008e900000|100%| S|CS|TAMS 0x000000008e800000, 0x000000008e800000| Complete 
| 233|0x000000008e900000, 0x000000008e900000, 0x000000008ea00000|  0%| F|  |TAMS 0x000000008e900000, 0x000000008e900000| Untracked 
| 234|0x000000008ea00000, 0x000000008eb00000, 0x000000008eb00000|100%| S|CS|TAMS 0x000000008ea00000, 0x000000008ea00000| Complete 
| 235|0x000000008eb00000, 0x000000008ec00000, 0x000000008ec00000|100%| S|CS|TAMS 0x000000008eb00000, 0x000000008eb00000| Complete 
| 236|0x000000008ec00000, 0x000000008ec00000, 0x000000008ed00000|  0%| F|  |TAMS 0x000000008ec00000, 0x000000008ec00000| Untracked 
| 237|0x000000008ed00000, 0x000000008ed00000, 0x000000008ee00000|  0%| F|  |TAMS 0x000000008ed00000, 0x000000008ed00000| Untracked 
| 238|0x000000008ee00000, 0x000000008ee00000, 0x000000008ef00000|  0%| F|  |TAMS 0x000000008ee00000, 0x000000008ee00000| Untracked 
| 239|0x000000008ef00000, 0x000000008ef00000, 0x000000008f000000|  0%| F|  |TAMS 0x000000008ef00000, 0x000000008ef00000| Untracked 
| 240|0x000000008f000000, 0x000000008f000000, 0x000000008f100000|  0%| F|  |TAMS 0x000000008f000000, 0x000000008f000000| Untracked 
| 241|0x000000008f100000, 0x000000008f100000, 0x000000008f200000|  0%| F|  |TAMS 0x000000008f100000, 0x000000008f100000| Untracked 
| 242|0x000000008f200000, 0x000000008f200000, 0x000000008f300000|  0%| F|  |TAMS 0x000000008f200000, 0x000000008f200000| Untracked 
| 243|0x000000008f300000, 0x000000008f300000, 0x000000008f400000|  0%| F|  |TAMS 0x000000008f300000, 0x000000008f300000| Untracked 
| 244|0x000000008f400000, 0x000000008f400000, 0x000000008f500000|  0%| F|  |TAMS 0x000000008f400000, 0x000000008f400000| Untracked 
| 245|0x000000008f500000, 0x000000008f500000, 0x000000008f600000|  0%| F|  |TAMS 0x000000008f500000, 0x000000008f500000| Untracked 
| 246|0x000000008f600000, 0x000000008f600000, 0x000000008f700000|  0%| F|  |TAMS 0x000000008f600000, 0x000000008f600000| Untracked 
| 247|0x000000008f700000, 0x000000008f700000, 0x000000008f800000|  0%| F|  |TAMS 0x000000008f700000, 0x000000008f700000| Untracked 
| 248|0x000000008f800000, 0x000000008f800000, 0x000000008f900000|  0%| F|  |TAMS 0x000000008f800000, 0x000000008f800000| Untracked 
| 249|0x000000008f900000, 0x000000008f900000, 0x000000008fa00000|  0%| F|  |TAMS 0x000000008f900000, 0x000000008f900000| Untracked 
| 250|0x000000008fa00000, 0x000000008fa00000, 0x000000008fb00000|  0%| F|  |TAMS 0x000000008fa00000, 0x000000008fa00000| Untracked 
| 251|0x000000008fb00000, 0x000000008fb00000, 0x000000008fc00000|  0%| F|  |TAMS 0x000000008fb00000, 0x000000008fb00000| Untracked 
| 252|0x000000008fc00000, 0x000000008fc00000, 0x000000008fd00000|  0%| F|  |TAMS 0x000000008fc00000, 0x000000008fc00000| Untracked 
| 253|0x000000008fd00000, 0x000000008fd00000, 0x000000008fe00000|  0%| F|  |TAMS 0x000000008fd00000, 0x000000008fd00000| Untracked 

Card table byte_map: [0x000001d35b980000,0x000001d35bd80000] _byte_map_base: 0x000001d35b580000

Marking Bits (Prev, Next): (CMBitMap*) 0x000001d343b1ad18, (CMBitMap*) 0x000001d343b1ad50
 Prev Bits: [0x000001d35c180000, 0x000001d35e180000)
 Next Bits: [0x000001d35e180000, 0x000001d360180000)

Polling page: 0x000001d341a70000

Metaspace:

Usage:
  Non-class:    106.95 MB capacity,   103.42 MB ( 97%) used,     3.10 MB (  3%) free+waste,   432.38 KB ( <1%) overhead. 
      Class:     17.22 MB capacity,    15.22 MB ( 88%) used,     1.80 MB ( 10%) free+waste,   201.06 KB (  1%) overhead. 
       Both:    124.17 MB capacity,   118.64 MB ( 96%) used,     4.90 MB (  4%) free+waste,   633.44 KB ( <1%) overhead. 

Virtual space:
  Non-class space:      108.00 MB reserved,     107.18 MB (>99%) committed 
      Class space:      504.00 MB reserved,      17.32 MB (  3%) committed 
             Both:      612.00 MB reserved,     124.50 MB ( 20%) committed 

Chunk freelists:
   Non-Class:  48.00 KB
       Class:  0 bytes
        Both:  48.00 KB

MaxMetaspaceSize: 512.00 MB
CompressedClassSpaceSize: 504.00 MB
Initial GC threshold: 20.80 MB
Current GC threshold: 207.51 MB
CDS: off

CodeHeap 'non-profiled nmethods': size=120000Kb used=12124Kb max_used=12124Kb free=107875Kb
 bounds [0x000001d353d20000, 0x000001d354900000, 0x000001d35b250000]
CodeHeap 'profiled nmethods': size=120000Kb used=37645Kb max_used=37645Kb free=82354Kb
 bounds [0x000001d34c7f0000, 0x000001d34ecc0000, 0x000001d353d20000]
CodeHeap 'non-nmethods': size=5760Kb used=2406Kb max_used=2470Kb free=3353Kb
 bounds [0x000001d34c250000, 0x000001d34c4c0000, 0x000001d34c7f0000]
 total_blobs=17620 nmethods=16682 adapters=848
 compilation: enabled
              stopped_count=0, restarted_count=0
 full_count=0

Compilation events (20 events):
Event: 488.721 Thread 0x000001d363489800 16964       4       org.gradle.api.internal.attributes.DefaultMutableAttributeContainer::realizeAllLazyAttributes (42 bytes)
Event: 488.730 Thread 0x000001d36348a800 16966       3       org.gradle.internal.Actions::filter (10 bytes)
Event: 488.731 Thread 0x000001d36348a800 nmethod 16966 0x000001d34ecae210 code [0x000001d34ecae3e0, 0x000001d34ecae698]
Event: 488.732 Thread 0x000001d36348a800 16967       3       org.jetbrains.kotlin.gradle.plugin.mpp.AbstractKotlinCompilation::getAllKotlinSourceSets (21 bytes)
Event: 488.733 Thread 0x000001d36348a800 nmethod 16967 0x000001d34ecae790 code [0x000001d34ecae980, 0x000001d34ecaedf8]
Event: 488.736 Thread 0x000001d36348a800 16968   !   3       org.jetbrains.kotlin.gradle.dsl.KotlinProjectExtensionKt::getKotlinExtension (103 bytes)
Event: 488.745 Thread 0x000001d36348a800 nmethod 16968 0x000001d34ecaef10 code [0x000001d34ecaf300, 0x000001d34ecb1188]
Event: 488.771 Thread 0x000001d36348a800 16969       3       org.gradle.api.internal.CompositeDomainObjectSet$DomainObjectCompositeCollection::iteratorNoFlush (5 bytes)
Event: 488.772 Thread 0x000001d36348a800 nmethod 16969 0x000001d34ecb1c90 code [0x000001d34ecb1e40, 0x000001d34ecb1f68]
Event: 488.777 Thread 0x000001d36348a800 16971       3       org.jetbrains.kotlin.gradle.plugin.mpp.KotlinAndroidTarget::getPlatformType (4 bytes)
Event: 488.777 Thread 0x000001d36348a800 nmethod 16971 0x000001d34ecb2010 code [0x000001d34ecb21c0, 0x000001d34ecb22d8]
Event: 488.780 Thread 0x000001d363489800 nmethod 16964 0x000001d3548f5790 code [0x000001d3548f59e0, 0x000001d3548f6120]
Event: 488.780 Thread 0x000001d363489800 16970       4       org.gradle.api.internal.collections.AbstractIterationOrderRetainingElementSource$RealizedElementCollectionIterator::<init> (55 bytes)
Event: 488.781 Thread 0x000001d36348a800 16972       3       org.gradle.api.internal.provider.DefaultProperty::value (7 bytes)
Event: 488.782 Thread 0x000001d36348a800 nmethod 16972 0x000001d34ecb2390 code [0x000001d34ecb2540, 0x000001d34ecb2708]
Event: 488.787 Thread 0x000001d36348a800 16973       1       org.jetbrains.kotlin.gradle.tasks.KotlinCompile_Decorated::getModelIdentityDisplayName (5 bytes)
Event: 488.788 Thread 0x000001d36348a800 nmethod 16973 0x000001d3548f6790 code [0x000001d3548f6940, 0x000001d3548f69f8]
Event: 488.792 Thread 0x000001d36348a800 16974       3       org.jetbrains.kotlin.gradle.plugin.mpp.KotlinJvmAndroidCompilation::getAndroidVariant (17 bytes)
Event: 488.795 Thread 0x000001d36348a800 nmethod 16974 0x000001d34ecb2790 code [0x000001d34ecb2a20, 0x000001d34ecb3298]
Event: 488.799 Thread 0x000001d363489800 nmethod 16970 0x000001d3548f6a90 code [0x000001d3548f6c40, 0x000001d3548f6fe8]

GC Heap History (20 events):
Event: 483.130 GC heap after
{Heap after GC invocations=48 (full 0):
 garbage-first heap   total 260096K, used 225598K [0x0000000080000000, 0x0000000100000000)
  region size 1024K, 2 young (2048K), 2 survivors (2048K)
 Metaspace       used 121026K, capacity 126640K, committed 126852K, reserved 626688K
  class space    used 15568K, capacity 17601K, committed 17612K, reserved 516096K
}
Event: 483.614 GC heap before
{Heap before GC invocations=48 (full 0):
 garbage-first heap   total 260096K, used 234814K [0x0000000080000000, 0x0000000100000000)
  region size 1024K, 12 young (12288K), 2 survivors (2048K)
 Metaspace       used 121063K, capacity 126646K, committed 126852K, reserved 626688K
  class space    used 15569K, capacity 17603K, committed 17612K, reserved 516096K
}
Event: 483.630 GC heap after
{Heap after GC invocations=49 (full 0):
 garbage-first heap   total 260096K, used 227311K [0x0000000080000000, 0x0000000100000000)
  region size 1024K, 2 young (2048K), 2 survivors (2048K)
 Metaspace       used 121063K, capacity 126646K, committed 126852K, reserved 626688K
  class space    used 15569K, capacity 17603K, committed 17612K, reserved 516096K
}
Event: 484.212 GC heap before
{Heap before GC invocations=49 (full 0):
 garbage-first heap   total 260096K, used 237551K [0x0000000080000000, 0x0000000100000000)
  region size 1024K, 12 young (12288K), 2 survivors (2048K)
 Metaspace       used 121134K, capacity 126677K, committed 126852K, reserved 626688K
  class space    used 15572K, capacity 17608K, committed 17612K, reserved 516096K
}
Event: 484.234 GC heap after
{Heap after GC invocations=50 (full 0):
 garbage-first heap   total 260096K, used 230904K [0x0000000080000000, 0x0000000100000000)
  region size 1024K, 2 young (2048K), 2 survivors (2048K)
 Metaspace       used 121134K, capacity 126677K, committed 126852K, reserved 626688K
  class space    used 15572K, capacity 17608K, committed 17612K, reserved 516096K
}
Event: 484.547 GC heap before
{Heap before GC invocations=51 (full 0):
 garbage-first heap   total 260096K, used 240120K [0x0000000080000000, 0x0000000100000000)
  region size 1024K, 12 young (12288K), 2 survivors (2048K)
 Metaspace       used 121155K, capacity 126742K, committed 126852K, reserved 626688K
  class space    used 15572K, capacity 17608K, committed 17612K, reserved 516096K
}
Event: 484.565 GC heap after
{Heap after GC invocations=52 (full 0):
 garbage-first heap   total 260096K, used 232750K [0x0000000080000000, 0x0000000100000000)
  region size 1024K, 2 young (2048K), 2 survivors (2048K)
 Metaspace       used 121155K, capacity 126742K, committed 126852K, reserved 626688K
  class space    used 15572K, capacity 17608K, committed 17612K, reserved 516096K
}
Event: 484.967 GC heap before
{Heap before GC invocations=52 (full 0):
 garbage-first heap   total 260096K, used 242990K [0x0000000080000000, 0x0000000100000000)
  region size 1024K, 12 young (12288K), 2 survivors (2048K)
 Metaspace       used 121169K, capacity 126809K, committed 126852K, reserved 626688K
  class space    used 15573K, capacity 17609K, committed 17612K, reserved 516096K
}
Event: 484.987 GC heap after
{Heap after GC invocations=53 (full 0):
 garbage-first heap   total 260096K, used 208655K [0x0000000080000000, 0x0000000100000000)
  region size 1024K, 2 young (2048K), 2 survivors (2048K)
 Metaspace       used 121169K, capacity 126809K, committed 126852K, reserved 626688K
  class space    used 15573K, capacity 17609K, committed 17612K, reserved 516096K
}
Event: 485.198 GC heap before
{Heap before GC invocations=53 (full 0):
 garbage-first heap   total 260096K, used 217871K [0x0000000080000000, 0x0000000100000000)
  region size 1024K, 12 young (12288K), 2 survivors (2048K)
 Metaspace       used 121189K, capacity 126818K, committed 126852K, reserved 626688K
  class space    used 15574K, capacity 17611K, committed 17612K, reserved 516096K
}
Event: 485.232 GC heap after
{Heap after GC invocations=54 (full 0):
 garbage-first heap   total 260096K, used 189071K [0x0000000080000000, 0x0000000100000000)
  region size 1024K, 2 young (2048K), 2 survivors (2048K)
 Metaspace       used 121189K, capacity 126818K, committed 126852K, reserved 626688K
  class space    used 15574K, capacity 17611K, committed 17612K, reserved 516096K
}
Event: 485.566 GC heap before
{Heap before GC invocations=54 (full 0):
 garbage-first heap   total 260096K, used 199311K [0x0000000080000000, 0x0000000100000000)
  region size 1024K, 12 young (12288K), 2 survivors (2048K)
 Metaspace       used 121210K, capacity 126953K, committed 127236K, reserved 626688K
  class space    used 15575K, capacity 17613K, committed 17740K, reserved 516096K
}
Event: 485.629 GC heap after
{Heap after GC invocations=55 (full 0):
 garbage-first heap   total 260096K, used 178402K [0x0000000080000000, 0x0000000100000000)
  region size 1024K, 2 young (2048K), 2 survivors (2048K)
 Metaspace       used 121210K, capacity 126953K, committed 127236K, reserved 626688K
  class space    used 15575K, capacity 17613K, committed 17740K, reserved 516096K
}
Event: 486.175 GC heap before
{Heap before GC invocations=55 (full 0):
 garbage-first heap   total 260096K, used 199906K [0x0000000080000000, 0x0000000100000000)
  region size 1024K, 24 young (24576K), 2 survivors (2048K)
 Metaspace       used 121255K, capacity 126962K, committed 127236K, reserved 626688K
  class space    used 15576K, capacity 17615K, committed 17740K, reserved 516096K
}
Event: 486.210 GC heap after
{Heap after GC invocations=56 (full 0):
 garbage-first heap   total 260096K, used 184175K [0x0000000080000000, 0x0000000100000000)
  region size 1024K, 3 young (3072K), 3 survivors (3072K)
 Metaspace       used 121255K, capacity 126962K, committed 127236K, reserved 626688K
  class space    used 15576K, capacity 17615K, committed 17740K, reserved 516096K
}
Event: 486.850 GC heap before
{Heap before GC invocations=56 (full 0):
 garbage-first heap   total 260096K, used 205679K [0x0000000080000000, 0x0000000100000000)
  region size 1024K, 24 young (24576K), 3 survivors (3072K)
 Metaspace       used 121367K, capacity 127038K, committed 127236K, reserved 626688K
  class space    used 15583K, capacity 17627K, committed 17740K, reserved 516096K
}
Event: 486.881 GC heap after
{Heap after GC invocations=57 (full 0):
 garbage-first heap   total 260096K, used 189717K [0x0000000080000000, 0x0000000100000000)
  region size 1024K, 3 young (3072K), 3 survivors (3072K)
 Metaspace       used 121367K, capacity 127038K, committed 127236K, reserved 626688K
  class space    used 15583K, capacity 17627K, committed 17740K, reserved 516096K
}
Event: 487.398 GC heap before
{Heap before GC invocations=57 (full 0):
 garbage-first heap   total 260096K, used 210197K [0x0000000080000000, 0x0000000100000000)
  region size 1024K, 23 young (23552K), 3 survivors (3072K)
 Metaspace       used 121437K, capacity 127137K, committed 127492K, reserved 626688K
  class space    used 15586K, capacity 17632K, committed 17740K, reserved 516096K
}
Event: 487.438 GC heap after
{Heap after GC invocations=58 (full 0):
 garbage-first heap   total 260096K, used 196608K [0x0000000080000000, 0x0000000100000000)
  region size 1024K, 3 young (3072K), 3 survivors (3072K)
 Metaspace       used 121437K, capacity 127137K, committed 127492K, reserved 626688K
  class space    used 15586K, capacity 17632K, committed 17740K, reserved 516096K
}
Event: 488.805 GC heap before
{Heap before GC invocations=58 (full 0):
 garbage-first heap   total 260096K, used 215040K [0x0000000080000000, 0x0000000100000000)
  region size 1024K, 21 young (21504K), 3 survivors (3072K)
 Metaspace       used 121491K, capacity 127145K, committed 127492K, reserved 626688K
  class space    used 15586K, capacity 17633K, committed 17740K, reserved 516096K
}

Deoptimization events (20 events):
Event: 485.164 Thread 0x000001d36ebf9800 DEOPT PACKING pc=0x000001d34d3497df sp=0x0000006341bf7950
Event: 485.164 Thread 0x000001d36ebf9800 DEOPT UNPACKING pc=0x000001d34c29a95e sp=0x0000006341bf6dd8 mode 0
Event: 486.462 Thread 0x000001d36ebf9800 Uncommon trap: trap_request=0xffffffbe fr.pc=0x000001d354686d54 relative=0x0000000000000b34
Event: 486.463 Thread 0x000001d36ebf9800 Uncommon trap: reason=profile_predicate action=maybe_recompile pc=0x000001d354686d54 method=org.gradle.tooling.internal.provider.runner.ClientBuildEventGenerator.started(Lorg/gradle/internal/operations/BuildOperationDescriptor;Lorg/gradle/internal/operati
Event: 486.463 Thread 0x000001d36ebf9800 DEOPT PACKING pc=0x000001d354686d54 sp=0x0000006341bfc7f0
Event: 486.463 Thread 0x000001d36ebf9800 DEOPT UNPACKING pc=0x000001d34c29a1af sp=0x0000006341bfc7a8 mode 2
Event: 486.490 Thread 0x000001d36588e000 Uncommon trap: trap_request=0xffffff4d fr.pc=0x000001d35468663c relative=0x000000000000041c
Event: 486.490 Thread 0x000001d36588e000 Uncommon trap: reason=unstable_if action=reinterpret pc=0x000001d35468663c method=org.gradle.tooling.internal.provider.runner.ClientBuildEventGenerator$Enabled.accept(Lorg/gradle/internal/operations/BuildOperationDescriptor;)Lorg/gradle/tooling/internal/p
Event: 486.490 Thread 0x000001d36588e000 DEOPT PACKING pc=0x000001d35468663c sp=0x00000063459fec40
Event: 486.490 Thread 0x000001d36588e000 DEOPT UNPACKING pc=0x000001d34c29a1af sp=0x00000063459feb80 mode 2
Event: 486.490 Thread 0x000001d36588e000 Uncommon trap: trap_request=0xffffffc6 fr.pc=0x000001d35446718c relative=0x00000000000002cc
Event: 486.490 Thread 0x000001d36588e000 Uncommon trap: reason=bimorphic_or_optimized_type_check action=maybe_recompile pc=0x000001d35446718c method=java.util.stream.StreamOpFlag.fromCharacteristics(Ljava/util/Spliterator;)I @ 14 c2
Event: 486.491 Thread 0x000001d36588e000 DEOPT PACKING pc=0x000001d35446718c sp=0x00000063459fe9b0
Event: 486.491 Thread 0x000001d36588e000 DEOPT UNPACKING pc=0x000001d34c29a1af sp=0x00000063459fe898 mode 2
Event: 487.134 Thread 0x000001d36588e000 DEOPT PACKING pc=0x000001d34ebd1b01 sp=0x00000063459fa910
Event: 487.134 Thread 0x000001d36588e000 DEOPT UNPACKING pc=0x000001d34c29a95e sp=0x00000063459f9f28 mode 0
Event: 487.267 Thread 0x000001d36588e000 DEOPT PACKING pc=0x000001d34ebd1b01 sp=0x00000063459fa970
Event: 487.267 Thread 0x000001d36588e000 DEOPT UNPACKING pc=0x000001d34c29a95e sp=0x00000063459f9f88 mode 0
Event: 487.270 Thread 0x000001d36588e000 DEOPT PACKING pc=0x000001d34ebd1b01 sp=0x00000063459fa910
Event: 487.270 Thread 0x000001d36588e000 DEOPT UNPACKING pc=0x000001d34c29a95e sp=0x00000063459f9f28 mode 0

Classes redefined (0 events):
No events

Internal exceptions (20 events):
Event: 445.283 Thread 0x000001d36ebf9800 Implicit null exception at 0x000001d354676892 to 0x000001d354676a54
Event: 445.378 Thread 0x000001d36ebf9800 Exception <a 'sun/nio/fs/WindowsException'{0x000000008f6cf3e0}> (0x000000008f6cf3e0) thrown at [./src/hotspot/share/prims/jni.cpp, line 617]
Event: 480.720 Thread 0x000001d36ebf9800 Exception <a 'java/lang/NoClassDefFoundError'{0x000000008fda4318}: org/jetbrains/kotlin/gradle/plugin/KotlinBasePluginWrapper> (0x000000008fda4318) thrown at [./src/hotspot/share/oops/constantPool.cpp, line 775]
Event: 481.243 Thread 0x000001d36ebf9800 Exception <a 'java/lang/NoClassDefFoundError'{0x000000008f7f74b8}: org/jetbrains/kotlin/gradle/plugin/KotlinBasePluginWrapper> (0x000000008f7f74b8) thrown at [./src/hotspot/share/oops/constantPool.cpp, line 775]
Event: 481.455 Thread 0x000001d36ebf9800 Exception <a 'java/lang/NoClassDefFoundError'{0x000000008f352a50}: org/jetbrains/kotlin/gradle/plugin/KotlinBasePluginWrapper> (0x000000008f352a50) thrown at [./src/hotspot/share/oops/constantPool.cpp, line 775]
Event: 481.856 Thread 0x000001d36ebf9800 Exception <a 'java/lang/NoClassDefFoundError'{0x000000008fcc4a88}: org/jetbrains/kotlin/gradle/plugin/KotlinBasePluginWrapper> (0x000000008fcc4a88) thrown at [./src/hotspot/share/oops/constantPool.cpp, line 775]
Event: 482.127 Thread 0x000001d36ebf9800 Exception <a 'java/lang/NoClassDefFoundError'{0x000000008f720950}: org/jetbrains/kotlin/gradle/plugin/KotlinBasePluginWrapper> (0x000000008f720950) thrown at [./src/hotspot/share/oops/constantPool.cpp, line 775]
Event: 482.393 Thread 0x000001d36ebf9800 Exception <a 'java/lang/NoClassDefFoundError'{0x000000008fd83c08}: org/jetbrains/kotlin/gradle/plugin/KotlinBasePluginWrapper> (0x000000008fd83c08) thrown at [./src/hotspot/share/oops/constantPool.cpp, line 775]
Event: 482.615 Thread 0x000001d36ebf9800 Exception <a 'java/lang/NoClassDefFoundError'{0x000000008f9eb960}: org/jetbrains/kotlin/gradle/plugin/KotlinBasePluginWrapper> (0x000000008f9eb960) thrown at [./src/hotspot/share/oops/constantPool.cpp, line 775]
Event: 483.719 Thread 0x000001d36ebf9800 Exception <a 'java/lang/NoClassDefFoundError'{0x000000008fcd7bf0}: org/jetbrains/kotlin/gradle/plugin/KotlinBasePluginWrapper> (0x000000008fcd7bf0) thrown at [./src/hotspot/share/oops/constantPool.cpp, line 775]
Event: 483.960 Thread 0x000001d36ebf9800 Exception <a 'java/lang/NoClassDefFoundError'{0x000000008f7880d0}: org/jetbrains/kotlin/gradle/plugin/KotlinBasePluginWrapper> (0x000000008f7880d0) thrown at [./src/hotspot/share/oops/constantPool.cpp, line 775]
Event: 484.208 Thread 0x000001d36ebf9800 Exception <a 'java/lang/NoClassDefFoundError'{0x000000008f4e5b28}: org/jetbrains/kotlin/gradle/plugin/KotlinBasePluginWrapper> (0x000000008f4e5b28) thrown at [./src/hotspot/share/oops/constantPool.cpp, line 775]
Event: 484.591 Thread 0x000001d36ebf9800 Exception <a 'java/lang/NoClassDefFoundError'{0x000000008fc15a90}: org/jetbrains/kotlin/gradle/plugin/KotlinBasePluginWrapper> (0x000000008fc15a90) thrown at [./src/hotspot/share/oops/constantPool.cpp, line 775]
Event: 485.294 Thread 0x000001d36ebf9800 Exception <a 'java/lang/NoClassDefFoundError'{0x000000008fcef728}: org/jetbrains/kotlin/gradle/plugin/KotlinBasePluginWrapper> (0x000000008fcef728) thrown at [./src/hotspot/share/oops/constantPool.cpp, line 775]
Event: 485.924 Thread 0x000001d36ebf9800 Exception <a 'java/lang/NoClassDefFoundError'{0x000000008f0f8ac8}: org/jetbrains/kotlin/gradle/plugin/KotlinBasePluginWrapper> (0x000000008f0f8ac8) thrown at [./src/hotspot/share/oops/constantPool.cpp, line 775]
Event: 486.038 Thread 0x000001d36ebf9800 Exception <a 'java/lang/NoClassDefFoundError'{0x000000008eb76b40}: org/jetbrains/kotlin/gradle/plugin/KotlinBasePluginWrapper> (0x000000008eb76b40) thrown at [./src/hotspot/share/oops/constantPool.cpp, line 775]
Event: 486.395 Thread 0x000001d36ebf9800 Exception <a 'java/lang/NoSuchMethodError'{0x000000008f53f528}: 'org.gradle.internal.buildoption.BuildOption$Value org.gradle.api.internal.StartParameterInternal.getIsolatedProjects()'> (0x000000008f53f528) thrown at [./src/hotspot/share/interpreter/linkResolver.cpp, line 773]
Event: 486.400 Thread 0x000001d36ebf9800 Exception <a 'java/lang/NoSuchMethodError'{0x000000008f5780c0}: 'org.gradle.internal.buildoption.BuildOption$Value org.gradle.api.internal.StartParameterInternal.getConfigurationCache()'> (0x000000008f5780c0) thrown at [./src/hotspot/share/interpreter/linkResolver.cpp, line 773]
Event: 486.450 Thread 0x000001d36ebf9800 Exception <a 'sun/nio/fs/WindowsException'{0x000000008f409cc8}> (0x000000008f409cc8) thrown at [./src/hotspot/share/prims/jni.cpp, line 617]
Event: 486.462 Thread 0x000001d36ebf9800 Implicit null exception at 0x000001d354686462 to 0x000001d354686d30

Events (20 events):
Event: 487.281 Executing VM operation: RevokeBias done
Event: 487.300 Executing VM operation: RevokeBias
Event: 487.301 Executing VM operation: RevokeBias done
Event: 487.398 Executing VM operation: G1CollectForAllocation
Event: 487.438 Executing VM operation: G1CollectForAllocation done
Event: 487.483 Executing VM operation: RevokeBias
Event: 487.484 Executing VM operation: RevokeBias done
Event: 487.519 Executing VM operation: RevokeBias
Event: 487.521 Executing VM operation: RevokeBias done
Event: 487.798 Executing VM operation: RevokeBias
Event: 487.799 Executing VM operation: RevokeBias done
Event: 487.823 Executing VM operation: RevokeBias
Event: 487.824 Executing VM operation: RevokeBias done
Event: 488.283 Executing VM operation: RevokeBias
Event: 488.285 Executing VM operation: RevokeBias done
Event: 488.300 Executing VM operation: CGC_Operation
Event: 488.369 Executing VM operation: CGC_Operation done
Event: 488.392 Executing VM operation: RevokeBias
Event: 488.396 Executing VM operation: RevokeBias done
Event: 488.803 Executing VM operation: G1CollectForAllocation


Dynamic libraries:
0x00007ff710f00000 - 0x00007ff710f0d000 	C:\Program Files\Microsoft\jdk-11.0.18.10-hotspot\bin\java.exe
0x00007ffc9c470000 - 0x00007ffc9c668000 	C:\Windows\SYSTEM32\ntdll.dll
0x00007ffc9c370000 - 0x00007ffc9c42f000 	C:\Windows\System32\KERNEL32.DLL
0x00007ffc99e30000 - 0x00007ffc9a126000 	C:\Windows\System32\KERNELBASE.dll
0x00007ffc99bd0000 - 0x00007ffc99cd0000 	C:\Windows\System32\ucrtbase.dll
0x00007ffc911b0000 - 0x00007ffc911c7000 	C:\Program Files\Microsoft\jdk-11.0.18.10-hotspot\bin\jli.dll
0x00007ffc91190000 - 0x00007ffc911a5000 	C:\Program Files\Microsoft\jdk-11.0.18.10-hotspot\bin\VCRUNTIME140.dll
0x00007ffc9adc0000 - 0x00007ffc9af5d000 	C:\Windows\System32\USER32.dll
0x00007ffc81a10000 - 0x00007ffc81caa000 	C:\Windows\WinSxS\amd64_microsoft.windows.common-controls_6595b64144ccf1df_6.0.19041.1110_none_60b5254171f9507e\COMCTL32.dll
0x00007ffc9a130000 - 0x00007ffc9a152000 	C:\Windows\System32\win32u.dll
0x00007ffc9bb00000 - 0x00007ffc9bb9e000 	C:\Windows\System32\msvcrt.dll
0x00007ffc9af60000 - 0x00007ffc9af8c000 	C:\Windows\System32\GDI32.dll
0x00007ffc9a1f0000 - 0x00007ffc9a305000 	C:\Windows\System32\gdi32full.dll
0x00007ffc9a310000 - 0x00007ffc9a3ad000 	C:\Windows\System32\msvcp_win.dll
0x00007ffc9b280000 - 0x00007ffc9b2b0000 	C:\Windows\System32\IMM32.DLL
0x00007ffc73830000 - 0x00007ffc738cb000 	C:\Program Files\Microsoft\jdk-11.0.18.10-hotspot\bin\msvcp140.dll
0x00007ffc503b0000 - 0x00007ffc50f42000 	C:\Program Files\Microsoft\jdk-11.0.18.10-hotspot\bin\server\jvm.dll
0x00007ffc9b2b0000 - 0x00007ffc9b35f000 	C:\Windows\System32\ADVAPI32.dll
0x00007ffc9b9d0000 - 0x00007ffc9ba6c000 	C:\Windows\System32\sechost.dll
0x00007ffc9ac20000 - 0x00007ffc9ad46000 	C:\Windows\System32\RPCRT4.dll
0x00007ffc9ad50000 - 0x00007ffc9ad58000 	C:\Windows\System32\PSAPI.DLL
0x00007ffc954f0000 - 0x00007ffc954f9000 	C:\Windows\SYSTEM32\WSOCK32.dll
0x00007ffc77f80000 - 0x00007ffc77fa7000 	C:\Windows\SYSTEM32\WINMM.dll
0x00007ffc9b880000 - 0x00007ffc9b8eb000 	C:\Windows\System32\WS2_32.dll
0x00007ffc89b50000 - 0x00007ffc89b5a000 	C:\Windows\SYSTEM32\VERSION.dll
0x00007ffc979c0000 - 0x00007ffc979d2000 	C:\Windows\SYSTEM32\kernel.appcore.dll
0x00007ffc91250000 - 0x00007ffc91260000 	C:\Program Files\Microsoft\jdk-11.0.18.10-hotspot\bin\verify.dll
0x00007ffc85990000 - 0x00007ffc85b74000 	C:\Windows\SYSTEM32\DBGHELP.DLL
0x00007ffc85860000 - 0x00007ffc85894000 	C:\Windows\SYSTEM32\dbgcore.DLL
0x00007ffc9a160000 - 0x00007ffc9a1e2000 	C:\Windows\System32\bcryptPrimitives.dll
0x00007ffc91160000 - 0x00007ffc91188000 	C:\Program Files\Microsoft\jdk-11.0.18.10-hotspot\bin\java.dll
0x00007ffc911e0000 - 0x00007ffc911ea000 	C:\Program Files\Microsoft\jdk-11.0.18.10-hotspot\bin\jimage.dll
0x00007ffc91140000 - 0x00007ffc91158000 	C:\Program Files\Microsoft\jdk-11.0.18.10-hotspot\bin\zip.dll
0x00007ffc9a4d0000 - 0x00007ffc9ac14000 	C:\Windows\System32\SHELL32.dll
0x00007ffc97bc0000 - 0x00007ffc98354000 	C:\Windows\SYSTEM32\windows.storage.dll
0x00007ffc9bef0000 - 0x00007ffc9c244000 	C:\Windows\System32\combase.dll
0x00007ffc993e0000 - 0x00007ffc9940e000 	C:\Windows\SYSTEM32\Wldp.dll
0x00007ffc9b360000 - 0x00007ffc9b40d000 	C:\Windows\System32\SHCORE.dll
0x00007ffc9ad60000 - 0x00007ffc9adb5000 	C:\Windows\System32\shlwapi.dll
0x00007ffc99a80000 - 0x00007ffc99aa5000 	C:\Windows\SYSTEM32\profapi.dll
0x00007ffc91070000 - 0x00007ffc91089000 	C:\Program Files\Microsoft\jdk-11.0.18.10-hotspot\bin\net.dll
0x00007ffc91dd0000 - 0x00007ffc91eda000 	C:\Windows\SYSTEM32\WINHTTP.dll
0x00007ffc991c0000 - 0x00007ffc9922a000 	C:\Windows\system32\mswsock.dll
0x00007ffc91050000 - 0x00007ffc91063000 	C:\Program Files\Microsoft\jdk-11.0.18.10-hotspot\bin\nio.dll
0x00007ffc86ba0000 - 0x00007ffc86bc7000 	C:\Users\ghayo\.gradle\native\68d5fa5c4cc2d200863cafc0d521ce42e7d3e7ee720ec0a83991735586a16f82\windows-amd64\native-platform.dll
0x00007ffc66a80000 - 0x00007ffc66bc4000 	C:\Users\ghayo\.gradle\native\e376f236ea51e6404a007f0833ffe2c6e607c4080706a723a18a27aeea778392\windows-amd64\native-platform-file-events.dll
0x00007ffc91040000 - 0x00007ffc91049000 	C:\Program Files\Microsoft\jdk-11.0.18.10-hotspot\bin\management.dll
0x00007ffc90ff0000 - 0x00007ffc90ffb000 	C:\Program Files\Microsoft\jdk-11.0.18.10-hotspot\bin\management_ext.dll
0x00007ffc99420000 - 0x00007ffc99438000 	C:\Windows\SYSTEM32\CRYPTSP.dll
0x00007ffc98b00000 - 0x00007ffc98b34000 	C:\Windows\system32\rsaenh.dll
0x00007ffc99ba0000 - 0x00007ffc99bc7000 	C:\Windows\System32\bcrypt.dll
0x00007ffc99a00000 - 0x00007ffc99a2e000 	C:\Windows\SYSTEM32\USERENV.dll
0x00007ffc99350000 - 0x00007ffc9935c000 	C:\Windows\SYSTEM32\CRYPTBASE.dll
0x00007ffc98ed0000 - 0x00007ffc98f0c000 	C:\Windows\SYSTEM32\IPHLPAPI.DLL
0x00007ffc9c360000 - 0x00007ffc9c368000 	C:\Windows\System32\NSI.dll
0x00007ffc92860000 - 0x00007ffc92877000 	C:\Windows\SYSTEM32\dhcpcsvc6.DLL
0x00007ffc92840000 - 0x00007ffc9285d000 	C:\Windows\SYSTEM32\dhcpcsvc.DLL
0x00007ffc98f10000 - 0x00007ffc98fda000 	C:\Windows\SYSTEM32\DNSAPI.dll

dbghelp: loaded successfully - version: 4.0.5 - missing functions: none
symbol engine: initialized successfully - sym options: 0x614 - pdb path: .;C:\Program Files\Microsoft\jdk-11.0.18.10-hotspot\bin;C:\Windows\SYSTEM32;C:\Windows\WinSxS\amd64_microsoft.windows.common-controls_6595b64144ccf1df_6.0.19041.1110_none_60b5254171f9507e;C:\Program Files\Microsoft\jdk-11.0.18.10-hotspot\bin\server;C:\Users\ghayo\.gradle\native\68d5fa5c4cc2d200863cafc0d521ce42e7d3e7ee720ec0a83991735586a16f82\windows-amd64;C:\Users\ghayo\.gradle\native\e376f236ea51e6404a007f0833ffe2c6e607c4080706a723a18a27aeea778392\windows-amd64

VM Arguments:
jvm_args: -XX:MaxMetaspaceSize=512m --add-opens=java.base/java.util=ALL-UNNAMED --add-opens=java.base/java.lang=ALL-UNNAMED --add-opens=java.base/java.lang.invoke=ALL-UNNAMED --add-opens=java.prefs/java.util.prefs=ALL-UNNAMED --add-opens=java.base/java.nio.charset=ALL-UNNAMED --add-opens=java.base/java.net=ALL-UNNAMED --add-opens=java.base/java.util.concurrent.atomic=ALL-UNNAMED -Xmx2048m -Dfile.encoding=windows-1252 -Duser.country=US -Duser.language=en -Duser.variant 
java_command: org.gradle.launcher.daemon.bootstrap.GradleDaemon 8.0.1
java_class_path (initial): C:\Users\ghayo\.gradle\wrapper\dists\gradle-8.0.1-all\aro4hu1c3oeioove7l0i4i14o\gradle-8.0.1\lib\gradle-launcher-8.0.1.jar
Launcher Type: SUN_STANDARD

[Global flags]
     intx CICompilerCount                          = 4                                         {product} {ergonomic}
   size_t CompressedClassSpaceSize                 = 528482304                                 {product} {ergonomic}
     uint ConcGCThreads                            = 2                                         {product} {ergonomic}
     uint G1ConcRefinementThreads                  = 8                                         {product} {ergonomic}
   size_t G1HeapRegionSize                         = 1048576                                   {product} {ergonomic}
    uintx GCDrainStackTargetSize                   = 64                                        {product} {ergonomic}
   size_t InitialHeapSize                          = 266338304                                 {product} {ergonomic}
   size_t MarkStackSize                            = 4194304                                   {product} {ergonomic}
   size_t MaxHeapSize                              = 2147483648                                {product} {command line}
   size_t MaxMetaspaceSize                         = 536870912                                 {product} {command line}
   size_t MaxNewSize                               = 1287651328                                {product} {ergonomic}
   size_t MinHeapDeltaBytes                        = 1048576                                   {product} {ergonomic}
    uintx NonNMethodCodeHeapSize                   = 5836300                                {pd product} {ergonomic}
    uintx NonProfiledCodeHeapSize                  = 122910970                              {pd product} {ergonomic}
    uintx ProfiledCodeHeapSize                     = 122910970                              {pd product} {ergonomic}
    uintx ReservedCodeCacheSize                    = 251658240                              {pd product} {ergonomic}
     bool SegmentedCodeCache                       = true                                      {product} {ergonomic}
     bool UseCompressedClassPointers               = true                                 {lp64_product} {ergonomic}
     bool UseCompressedOops                        = true                                 {lp64_product} {ergonomic}
     bool UseG1GC                                  = true                                      {product} {ergonomic}
     bool UseLargePagesIndividualAllocation        = false                                  {pd product} {ergonomic}

Logging:
Log output configuration:
 #0: stdout all=warning uptime,level,tags
 #1: stderr all=off uptime,level,tags

Environment Variables:
JAVA_HOME=C:\Program Files\Microsoft\jdk-11.0.18.10-hotspot\
CLASSPATH=D:\Projects\React Native\Taskly\android\\gradle\wrapper\gradle-wrapper.jar
PATH=D:\Projects\React Native\Taskly\node_modules\.bin;D:\Projects\React Native\Taskly\node_modules\.bin;D:\Projects\React Native\node_modules\.bin;D:\Projects\node_modules\.bin;D:\node_modules\.bin;C:\Program Files\nodejs\node_modules\npm\node_modules\@npmcli\run-script\lib\node-gyp-bin;C:\Program Files\Microsoft\jdk-11.0.18.10-hotspot\bin;C:\Program Files\Common Files\Oracle\Java\javapath;C:\Windows\system32;C:\Windows;C:\Windows\System32\Wbem;C:\Windows\System32\WindowsPowerShell\v1.0\;C:\Windows\System32\OpenSSH\;C:\Program Files\Git\cmd;D:\Development\SDKs\sqlite3;D:\Development\SDKs\flutter\bin;D:\Development\SDKs\dart-sdk\bin;C:\Program Files\MySQL\MySQL Server 8.0\bin;C:\MinGW\bin;C:\Program Files\Java\jdk-19\bin;C:\Users\ghayo\AppData\Local\Pub\Cache\bin;C:\ProgramData\chocolatey\bin;C:\Program Files\nodejs\;;C:\Users\ghayo\AppData\Local\Android\Sdk\platform-tools;C:\Users\ghayo\AppData\Local\Programs\Python\Python311\Scripts\;C:\Users\ghayo\AppData\Local\Programs\Python\Python311\;C:\Users\ghayo\AppData\Local\Microsoft\WindowsApps;D:\Development\SDKs\flutter\bin;D:\Development\SDKs\dart-sdk\bin;C:\MinGW\bin;C:\Program Files\JetBrains\PyCharm Community Edition 2022.2.4\bin;C:\Program Files\JetBrains\CLion 2022.1.2\bin;;C:\Users\ghayo\AppData\Local\Programs\Microsoft VS Code\bin;C:\Users\ghayo\AppData\Local\GitHubDesktop\bin;C:\Users\ghayo\AppData\Local\Pub\Cache\bin;C:\Users\ghayo\AppData\Roaming\npm;C:\Program Files\JetBrains\WebStorm 2023.1.3\bin;
USERNAME=ghayo
LANG=en_US.UTF-8
OS=Windows_NT
PROCESSOR_IDENTIFIER=Intel64 Family 6 Model 142 Stepping 12, GenuineIntel
TMP=C:\Users\ghayo\AppData\Local\Temp
TEMP=C:\Users\ghayo\AppData\Local\Temp



---------------  S Y S T E M  ---------------

OS: Windows 10 , 64 bit Build 19041 (10.0.19041.3155)
OS uptime: 2 days 0:24 hours
Hyper-V role detected

CPU:total 8 (initial active 8) (4 cores per cpu, 2 threads per core) family 6 model 142 stepping 12 microcode 0xf0, cmov, cx8, fxsr, mmx, sse, sse2, sse3, ssse3, sse4.1, sse4.2, popcnt, avx, avx2, aes, clmul, erms, 3dnowpref, lzcnt, ht, tsc, tscinvbit, bmi1, bmi2, adx, fma

Memory: 4k page, system-wide physical 16152M (3153M free)
TotalPageFile size 21332M (AvailPageFile size 175M)
current process WorkingSet (physical memory assigned to process): 597M, peak: 603M
current process commit charge ("private bytes"): 651M, peak: 886M

vm_info: OpenJDK 64-Bit Server VM (11.0.18+10-LTS) for windows-amd64 JRE (11.0.18+10-LTS), built on Jan 18 2023 15:56:47 by "MicrosoftCorporation" with MS VC++ 15.9 (VS2017)

END.
